Buildfile: /home/lpxz/eclipse/workspace/pecan/pecan-monitor/fix.xml
buggy-monitor:
     [java] ===========================================
     [java] Peng's:
     [java] set the main class and the analyzedFolder in SootAgent4Fixing
     [java] Warning: Phase wjtp.tnlp is not a standard Soot phase listed in XML files.
     [java] I am 2.4 vertsion
     [java] before rInPC reduction:3
     [java] !!!panc: r3 = interfaceinvoke $r6.<benchmarks.instrumented.java.util.List: benchmarks.instrumented.java.util.ListIterator listIterator()>() 612
     [java] !!!canc: $z2 = interfaceinvoke r2.<benchmarks.instrumented.java.util.ListIterator: boolean hasNext()>() 613
     [java] msig:<benchmarks.instrumented.java.util.AbstractList: boolean equals(java.lang.Object)>
     [java] ctxts:
     [java] benchmarks.instrumented.java.util.AbstractList.equals(Collections.java:1779)
     [java] benchmarks.instrumented.java.util.Collections$SynchronizedList.equals(MTListTest.java:61)
     [java] benchmarks.dstest.MTListTest.run(-1)
     [java] !!!ranc: r0.<benchmarks.instrumented.java.util.ArrayList: int size> = $i6 438
     [java] msig:<benchmarks.instrumented.java.util.ArrayList: boolean addAll(benchmarks.instrumented.java.util.Collection)>
     [java] ctxts:
     [java] benchmarks.instrumented.java.util.ArrayList.addAll(Collections.java:1569)
     [java] benchmarks.instrumented.java.util.Collections$SynchronizedCollection.addAll(MTListTest.java:67)
     [java] benchmarks.dstest.MTListTest.run(-1)
     [java] !!!panc: r3 = interfaceinvoke $r6.<benchmarks.instrumented.java.util.List: benchmarks.instrumented.java.util.ListIterator listIterator()>() 612
     [java] !!!canc: r5 = interfaceinvoke r3.<benchmarks.instrumented.java.util.ListIterator: java.lang.Object next()>() 615
     [java] msig:<benchmarks.instrumented.java.util.AbstractList: boolean equals(java.lang.Object)>
     [java] ctxts:
     [java] benchmarks.instrumented.java.util.AbstractList.equals(Collections.java:1779)
     [java] benchmarks.instrumented.java.util.Collections$SynchronizedList.equals(MTListTest.java:61)
     [java] benchmarks.dstest.MTListTest.run(-1)
     [java] !!!ranc: r0.<benchmarks.instrumented.java.util.ArrayList: int size> = $i6 438
     [java] msig:<benchmarks.instrumented.java.util.ArrayList: boolean addAll(benchmarks.instrumented.java.util.Collection)>
     [java] ctxts:
     [java] benchmarks.instrumented.java.util.ArrayList.addAll(Collections.java:1569)
     [java] benchmarks.instrumented.java.util.Collections$SynchronizedCollection.addAll(MTListTest.java:67)
     [java] benchmarks.dstest.MTListTest.run(-1)
     [java] !!!panc: r3 = interfaceinvoke $r6.<benchmarks.instrumented.java.util.List: benchmarks.instrumented.java.util.ListIterator listIterator()>() 612
     [java] !!!canc: r5 = interfaceinvoke r3.<benchmarks.instrumented.java.util.ListIterator: java.lang.Object next()>() 615
     [java] msig:<benchmarks.instrumented.java.util.AbstractList: boolean equals(java.lang.Object)>
     [java] ctxts:
     [java] benchmarks.instrumented.java.util.AbstractList.equals(Collections.java:1779)
     [java] benchmarks.instrumented.java.util.Collections$SynchronizedList.equals(MTListTest.java:61)
     [java] benchmarks.dstest.MTListTest.run(-1)
     [java] !!!ranc: r0.<benchmarks.instrumented.java.util.ArrayList: int modCount> = $i4 162
     [java] msig:<benchmarks.instrumented.java.util.ArrayList: void ensureCapacity(int)>
     [java] ctxts:
     [java] benchmarks.instrumented.java.util.ArrayList.ensureCapacity(ArrayList.java:436)
     [java] benchmarks.instrumented.java.util.ArrayList.addAll(Collections.java:1569)
     [java] benchmarks.instrumented.java.util.Collections$SynchronizedCollection.addAll(MTListTest.java:67)
     [java] benchmarks.dstest.MTListTest.run(-1)
     [java] petri net size:328
     [java] after rInPC reduction:3
     [java] before subsume reduction:3
     [java] after subsume reduction:2
     [java] 2
     [java] [Call Graph] For information on where the call graph may be incomplete, use the verbose option to the cg phase.
     [java] [Spark] Pointer Assignment Graph in 1.1 seconds.
     [java] [Spark] Type masks in 0.7 seconds.
     [java] [Spark] Pointer Graph simplified in 0.0 seconds.
     [java] [Spark] Propagation in 31.7 seconds.
     [java] [Spark] Solution found in 31.7 seconds.
     [java] bad guys before applying locking:0
     [java] locking the whole method:<benchmarks.instrumented.java.util.AbstractList: boolean equals(java.lang.Object)>->|
     [java] locking:r0.<benchmarks.instrumented.java.util.ArrayList: int size> = $i5 
     [java] in <benchmarks.instrumented.java.util.ArrayList: boolean addAll(benchmarks.instrumented.java.util.Collection)>->|
     [java] locking the whole method:<benchmarks.instrumented.java.util.AbstractList: boolean equals(java.lang.Object)>->|
     [java] locking:r0.<benchmarks.instrumented.java.util.ArrayList: int modCount> = $i4 
     [java] in <benchmarks.instrumented.java.util.ArrayList: void ensureCapacity(int)>->|
     [java] time of fixing av:3
     [java] substituting the monitor to: localFromGlobal_method_sub_globalLockObj1
     [java] substituting the monitor to: localFromGlobal_method_sub_globalLockObj1
     [java] substituting the monitor to: localFromGlobal_method_sub_globalLockObj1
     [java] substituting the monitor to: localFromGlobal_method_sub_globalLockObj1
     [java] time of fixing deadlock: 24
     [java] Writing to /home/lpxz/eclipse/workspace/pecan/pecan-monitor/pengSootOutput/benchmarks/dstest/MTListTest.class
     [java] Writing to /home/lpxz/eclipse/workspace/pecan/pecan-monitor/pengSootOutput/benchmarks/instrumented/java/util/List.class
     [java] Writing to /home/lpxz/eclipse/workspace/pecan/pecan-monitor/pengSootOutput/benchmarks/instrumented/java/util/Collections.class
     [java] Writing to /home/lpxz/eclipse/workspace/pecan/pecan-monitor/pengSootOutput/benchmarks/instrumented/java/util/Iterator.class
     [java] Writing to /home/lpxz/eclipse/workspace/pecan/pecan-monitor/pengSootOutput/benchmarks/jpf_test_cases/MyRandom.class
     [java] Writing to /home/lpxz/eclipse/workspace/pecan/pecan-monitor/pengSootOutput/benchmarks/instrumented/java/util/LinkedList.class
     [java] Writing to /home/lpxz/eclipse/workspace/pecan/pecan-monitor/pengSootOutput/benchmarks/instrumented/java/util/ListIterator.class
     [java] Writing to /home/lpxz/eclipse/workspace/pecan/pecan-monitor/pengSootOutput/benchmarks/instrumented/java/util/Collection.class
     [java] Writing to /home/lpxz/eclipse/workspace/pecan/pecan-monitor/pengSootOutput/benchmarks/dstest/SimpleObject.class
     [java] Writing to /home/lpxz/eclipse/workspace/pecan/pecan-monitor/pengSootOutput/benchmarks/instrumented/java/util/Random.class
     [java] Writing to /home/lpxz/eclipse/workspace/pecan/pecan-monitor/pengSootOutput/benchmarks/instrumented/java/util/Set.class
     [java] Writing to /home/lpxz/eclipse/workspace/pecan/pecan-monitor/pengSootOutput/benchmarks/instrumented/java/util/Map.class
     [java] Writing to /home/lpxz/eclipse/workspace/pecan/pecan-monitor/pengSootOutput/benchmarks/instrumented/java/util/Comparator.class
     [java] Writing to /home/lpxz/eclipse/workspace/pecan/pecan-monitor/pengSootOutput/benchmarks/instrumented/java/util/SortedSet.class
     [java] Writing to /home/lpxz/eclipse/workspace/pecan/pecan-monitor/pengSootOutput/benchmarks/instrumented/java/util/SortedMap.class
     [java] Writing to /home/lpxz/eclipse/workspace/pecan/pecan-monitor/pengSootOutput/benchmarks/instrumented/java/util/ArrayList.class
     [java] Writing to /home/lpxz/eclipse/workspace/pecan/pecan-monitor/pengSootOutput/benchmarks/instrumented/java/util/Collections$CopiesList.class
     [java] Writing to /home/lpxz/eclipse/workspace/pecan/pecan-monitor/pengSootOutput/benchmarks/instrumented/java/util/Collections$UnmodifiableSet.class
     [java] Writing to /home/lpxz/eclipse/workspace/pecan/pecan-monitor/pengSootOutput/benchmarks/instrumented/java/util/Collections$SingletonSet.class
     [java] Writing to /home/lpxz/eclipse/workspace/pecan/pecan-monitor/pengSootOutput/benchmarks/instrumented/java/util/RandomAccess.class
     [java] Writing to /home/lpxz/eclipse/workspace/pecan/pecan-monitor/pengSootOutput/benchmarks/instrumented/java/util/Collections$EmptySet.class
     [java] Writing to /home/lpxz/eclipse/workspace/pecan/pecan-monitor/pengSootOutput/benchmarks/instrumented/java/util/Collections$UnmodifiableSortedSet.class
     [java] Writing to /home/lpxz/eclipse/workspace/pecan/pecan-monitor/pengSootOutput/benchmarks/instrumented/java/util/Collections$SynchronizedCollection.class
     [java] Writing to /home/lpxz/eclipse/workspace/pecan/pecan-monitor/pengSootOutput/benchmarks/instrumented/java/util/Collections$UnmodifiableCollection.class
     [java] Writing to /home/lpxz/eclipse/workspace/pecan/pecan-monitor/pengSootOutput/benchmarks/instrumented/java/util/Collections$SynchronizedSet.class
     [java] Writing to /home/lpxz/eclipse/workspace/pecan/pecan-monitor/pengSootOutput/benchmarks/instrumented/java/util/Collections$EmptyList.class
     [java] Writing to /home/lpxz/eclipse/workspace/pecan/pecan-monitor/pengSootOutput/benchmarks/instrumented/java/util/Collections$SynchronizedSortedSet.class
     [java] Writing to /home/lpxz/eclipse/workspace/pecan/pecan-monitor/pengSootOutput/benchmarks/instrumented/java/util/Collections$ReverseComparator.class
     [java] Writing to /home/lpxz/eclipse/workspace/pecan/pecan-monitor/pengSootOutput/benchmarks/instrumented/java/util/Collections$UnmodifiableMap.class
     [java] Writing to /home/lpxz/eclipse/workspace/pecan/pecan-monitor/pengSootOutput/benchmarks/instrumented/java/util/Collections$SingletonMap.class
     [java] Writing to /home/lpxz/eclipse/workspace/pecan/pecan-monitor/pengSootOutput/benchmarks/instrumented/java/util/Collections$SynchronizedList.class
     [java] Writing to /home/lpxz/eclipse/workspace/pecan/pecan-monitor/pengSootOutput/benchmarks/instrumented/java/util/Collections$SynchronizedSortedMap.class
     [java] Writing to /home/lpxz/eclipse/workspace/pecan/pecan-monitor/pengSootOutput/benchmarks/instrumented/java/util/Collections$SingletonList.class
     [java] Writing to /home/lpxz/eclipse/workspace/pecan/pecan-monitor/pengSootOutput/benchmarks/instrumented/java/util/Collections$SynchronizedMap.class
     [java] Writing to /home/lpxz/eclipse/workspace/pecan/pecan-monitor/pengSootOutput/benchmarks/instrumented/java/util/Arrays.class
     [java] Writing to /home/lpxz/eclipse/workspace/pecan/pecan-monitor/pengSootOutput/benchmarks/instrumented/java/util/Collections$UnmodifiableRandomAccessList.class
     [java] Writing to /home/lpxz/eclipse/workspace/pecan/pecan-monitor/pengSootOutput/benchmarks/instrumented/java/util/Collections$EmptyMap.class
     [java] Writing to /home/lpxz/eclipse/workspace/pecan/pecan-monitor/pengSootOutput/benchmarks/instrumented/java/util/Collections$UnmodifiableSortedMap.class
     [java] Writing to /home/lpxz/eclipse/workspace/pecan/pecan-monitor/pengSootOutput/benchmarks/instrumented/java/util/Collections$1.class
     [java] Writing to /home/lpxz/eclipse/workspace/pecan/pecan-monitor/pengSootOutput/benchmarks/instrumented/java/util/Collections$SynchronizedRandomAccessList.class
     [java] Writing to /home/lpxz/eclipse/workspace/pecan/pecan-monitor/pengSootOutput/benchmarks/instrumented/java/util/Collections$UnmodifiableList.class
     [java] Writing to /home/lpxz/eclipse/workspace/pecan/pecan-monitor/pengSootOutput/benchmarks/instrumented/java/util/AbstractSequentialList.class
     [java] Writing to /home/lpxz/eclipse/workspace/pecan/pecan-monitor/pengSootOutput/benchmarks/instrumented/java/util/LinkedList$Entry.class
     [java] Writing to /home/lpxz/eclipse/workspace/pecan/pecan-monitor/pengSootOutput/benchmarks/instrumented/java/util/LinkedList$ListItr.class
     [java] Writing to /home/lpxz/eclipse/workspace/pecan/pecan-monitor/pengSootOutput/benchmarks/instrumented/java/util/NoSuchElementException.class
     [java] Writing to /home/lpxz/eclipse/workspace/pecan/pecan-monitor/pengSootOutput/benchmarks/instrumented/java/util/AbstractList.class
     [java] Writing to /home/lpxz/eclipse/workspace/pecan/pecan-monitor/pengSootOutput/benchmarks/instrumented/java/util/AbstractSet.class
     [java] Writing to /home/lpxz/eclipse/workspace/pecan/pecan-monitor/pengSootOutput/benchmarks/instrumented/java/util/Collections$SingletonSet$1.class
     [java] Writing to /home/lpxz/eclipse/workspace/pecan/pecan-monitor/pengSootOutput/benchmarks/instrumented/java/util/Collections$EmptySet$1.class
     [java] Writing to /home/lpxz/eclipse/workspace/pecan/pecan-monitor/pengSootOutput/benchmarks/instrumented/java/util/Map$Entry.class
     [java] Writing to /home/lpxz/eclipse/workspace/pecan/pecan-monitor/pengSootOutput/benchmarks/instrumented/java/util/ConcurrentModificationException.class
     [java] Writing to /home/lpxz/eclipse/workspace/pecan/pecan-monitor/pengSootOutput/benchmarks/instrumented/java/util/Collections$UnmodifiableCollection$1.class
     [java] Writing to /home/lpxz/eclipse/workspace/pecan/pecan-monitor/pengSootOutput/benchmarks/instrumented/java/util/Collections$UnmodifiableMap$UnmodifiableEntrySet.class
     [java] Writing to /home/lpxz/eclipse/workspace/pecan/pecan-monitor/pengSootOutput/benchmarks/instrumented/java/util/AbstractMap.class
     [java] Writing to /home/lpxz/eclipse/workspace/pecan/pecan-monitor/pengSootOutput/benchmarks/instrumented/java/util/Collections$SingletonMap$ImmutableEntry.class
     [java] Writing to /home/lpxz/eclipse/workspace/pecan/pecan-monitor/pengSootOutput/benchmarks/instrumented/java/util/Arrays$ArrayList.class
     [java] Writing to /home/lpxz/eclipse/workspace/pecan/pecan-monitor/pengSootOutput/benchmarks/instrumented/java/util/Collections$UnmodifiableList$1.class
     [java] Writing to /home/lpxz/eclipse/workspace/pecan/pecan-monitor/pengSootOutput/benchmarks/instrumented/java/util/AbstractCollection.class
     [java] Writing to /home/lpxz/eclipse/workspace/pecan/pecan-monitor/pengSootOutput/benchmarks/instrumented/java/util/SubList.class
     [java] Writing to /home/lpxz/eclipse/workspace/pecan/pecan-monitor/pengSootOutput/benchmarks/instrumented/java/util/AbstractList$ListItr.class
     [java] Writing to /home/lpxz/eclipse/workspace/pecan/pecan-monitor/pengSootOutput/benchmarks/instrumented/java/util/AbstractList$Itr.class
     [java] Writing to /home/lpxz/eclipse/workspace/pecan/pecan-monitor/pengSootOutput/benchmarks/instrumented/java/util/RandomAccessSubList.class
     [java] Writing to /home/lpxz/eclipse/workspace/pecan/pecan-monitor/pengSootOutput/benchmarks/instrumented/java/util/Collections$UnmodifiableMap$UnmodifiableEntrySet$1.class
     [java] Writing to /home/lpxz/eclipse/workspace/pecan/pecan-monitor/pengSootOutput/benchmarks/instrumented/java/util/Collections$UnmodifiableMap$UnmodifiableEntrySet$UnmodifiableEntry.class
     [java] Writing to /home/lpxz/eclipse/workspace/pecan/pecan-monitor/pengSootOutput/benchmarks/instrumented/java/util/AbstractMap$SimpleEntry.class
     [java] Writing to /home/lpxz/eclipse/workspace/pecan/pecan-monitor/pengSootOutput/benchmarks/instrumented/java/util/AbstractMap$1.class
     [java] Writing to /home/lpxz/eclipse/workspace/pecan/pecan-monitor/pengSootOutput/benchmarks/instrumented/java/util/AbstractMap$2.class
     [java] Writing to /home/lpxz/eclipse/workspace/pecan/pecan-monitor/pengSootOutput/benchmarks/instrumented/java/util/SubList$1.class
     [java] Writing to /home/lpxz/eclipse/workspace/pecan/pecan-monitor/pengSootOutput/benchmarks/instrumented/java/util/AbstractMap$1$1.class
     [java] Writing to /home/lpxz/eclipse/workspace/pecan/pecan-monitor/pengSootOutput/benchmarks/instrumented/java/util/AbstractMap$2$1.class
     [java] Writing to /home/lpxz/eclipse/workspace/pecan/pecan-monitor/pengSootOutput/AVfix/debug/Chocalate.class
     [java] Writing to /home/lpxz/eclipse/workspace/pecan/pecan-monitor/pengSootOutput/benchmarks/dstest/MTArrayListTest.class
     [java] JIN's:
     [java] set the main class and the analyzedFolder in SootAgent4Fixing
     [java] Warning: Phase wjtp.tnlp is not a standard Soot phase listed in XML files.
     [java] I am 2.4 vertsion
     [java] before rInPC reduction:3
     [java] !!!panc: r3 = interfaceinvoke $r6.<benchmarks.instrumented.java.util.List: benchmarks.instrumented.java.util.ListIterator listIterator()>() 612
     [java] !!!canc: $z2 = interfaceinvoke r2.<benchmarks.instrumented.java.util.ListIterator: boolean hasNext()>() 613
     [java] msig:<benchmarks.instrumented.java.util.AbstractList: boolean equals(java.lang.Object)>
     [java] ctxts:
     [java] benchmarks.instrumented.java.util.AbstractList.equals(Collections.java:1779)
     [java] benchmarks.instrumented.java.util.Collections$SynchronizedList.equals(MTListTest.java:61)
     [java] benchmarks.dstest.MTListTest.run(-1)
     [java] !!!ranc: r0.<benchmarks.instrumented.java.util.ArrayList: int size> = $i6 438
     [java] msig:<benchmarks.instrumented.java.util.ArrayList: boolean addAll(benchmarks.instrumented.java.util.Collection)>
     [java] ctxts:
     [java] benchmarks.instrumented.java.util.ArrayList.addAll(Collections.java:1569)
     [java] benchmarks.instrumented.java.util.Collections$SynchronizedCollection.addAll(MTListTest.java:67)
     [java] benchmarks.dstest.MTListTest.run(-1)
     [java] !!!panc: r3 = interfaceinvoke $r6.<benchmarks.instrumented.java.util.List: benchmarks.instrumented.java.util.ListIterator listIterator()>() 612
     [java] !!!canc: r5 = interfaceinvoke r3.<benchmarks.instrumented.java.util.ListIterator: java.lang.Object next()>() 615
     [java] msig:<benchmarks.instrumented.java.util.AbstractList: boolean equals(java.lang.Object)>
     [java] ctxts:
     [java] benchmarks.instrumented.java.util.AbstractList.equals(Collections.java:1779)
     [java] benchmarks.instrumented.java.util.Collections$SynchronizedList.equals(MTListTest.java:61)
     [java] benchmarks.dstest.MTListTest.run(-1)
     [java] !!!ranc: r0.<benchmarks.instrumented.java.util.ArrayList: int size> = $i6 438
     [java] msig:<benchmarks.instrumented.java.util.ArrayList: boolean addAll(benchmarks.instrumented.java.util.Collection)>
     [java] ctxts:
     [java] benchmarks.instrumented.java.util.ArrayList.addAll(Collections.java:1569)
     [java] benchmarks.instrumented.java.util.Collections$SynchronizedCollection.addAll(MTListTest.java:67)
     [java] benchmarks.dstest.MTListTest.run(-1)
     [java] !!!panc: r3 = interfaceinvoke $r6.<benchmarks.instrumented.java.util.List: benchmarks.instrumented.java.util.ListIterator listIterator()>() 612
     [java] !!!canc: r5 = interfaceinvoke r3.<benchmarks.instrumented.java.util.ListIterator: java.lang.Object next()>() 615
     [java] msig:<benchmarks.instrumented.java.util.AbstractList: boolean equals(java.lang.Object)>
     [java] ctxts:
     [java] benchmarks.instrumented.java.util.AbstractList.equals(Collections.java:1779)
     [java] benchmarks.instrumented.java.util.Collections$SynchronizedList.equals(MTListTest.java:61)
     [java] benchmarks.dstest.MTListTest.run(-1)
     [java] !!!ranc: r0.<benchmarks.instrumented.java.util.ArrayList: int modCount> = $i4 162
     [java] msig:<benchmarks.instrumented.java.util.ArrayList: void ensureCapacity(int)>
     [java] ctxts:
     [java] benchmarks.instrumented.java.util.ArrayList.ensureCapacity(ArrayList.java:436)
     [java] benchmarks.instrumented.java.util.ArrayList.addAll(Collections.java:1569)
     [java] benchmarks.instrumented.java.util.Collections$SynchronizedCollection.addAll(MTListTest.java:67)
     [java] benchmarks.dstest.MTListTest.run(-1)
     [java] petri net size:328
     [java] after rInPC reduction:3
     [java] before subsume reduction:3
     [java] after subsume reduction:2
     [java] [Call Graph] For information on where the call graph may be incomplete, use the verbose option to the cg phase.
     [java] [Spark] Pointer Assignment Graph in 0.8 seconds.
     [java] [Spark] Type masks in 0.7 seconds.
     [java] [Spark] Pointer Graph simplified in 0.0 seconds.
     [java] [Spark] Propagation in 32.0 seconds.
     [java] [Spark] Solution found in 32.0 seconds.
     [java] bad guys before applying locking:0
     [java] before merging:3
     [java] after merging, I have 1 super bugs to fix after merging
     [java] mergedbug 1510920707 contains N components: 3
     [java] locking:r0.<benchmarks.instrumented.java.util.ArrayList: int size> = $i5 
     [java] in <benchmarks.instrumented.java.util.ArrayList: boolean addAll(benchmarks.instrumented.java.util.Collection)>->|
     [java] locking the whole method:<benchmarks.instrumented.java.util.AbstractList: boolean equals(java.lang.Object)>->|
     [java] locking:r0.<benchmarks.instrumented.java.util.ArrayList: int modCount> = $i4 
     [java] in <benchmarks.instrumented.java.util.ArrayList: void ensureCapacity(int)>->|
     [java] time of fixing AV:4
     [java] Writing to /home/lpxz/eclipse/workspace/pecan/pecan-monitor/jinSootOutput/benchmarks/dstest/MTListTest.class
     [java] Writing to /home/lpxz/eclipse/workspace/pecan/pecan-monitor/jinSootOutput/benchmarks/instrumented/java/util/List.class
     [java] Writing to /home/lpxz/eclipse/workspace/pecan/pecan-monitor/jinSootOutput/benchmarks/instrumented/java/util/Collections.class
     [java] Writing to /home/lpxz/eclipse/workspace/pecan/pecan-monitor/jinSootOutput/benchmarks/instrumented/java/util/Iterator.class
     [java] Writing to /home/lpxz/eclipse/workspace/pecan/pecan-monitor/jinSootOutput/benchmarks/jpf_test_cases/MyRandom.class
     [java] Writing to /home/lpxz/eclipse/workspace/pecan/pecan-monitor/jinSootOutput/benchmarks/instrumented/java/util/LinkedList.class
     [java] Writing to /home/lpxz/eclipse/workspace/pecan/pecan-monitor/jinSootOutput/benchmarks/instrumented/java/util/ListIterator.class
     [java] Writing to /home/lpxz/eclipse/workspace/pecan/pecan-monitor/jinSootOutput/benchmarks/instrumented/java/util/Collection.class
     [java] Writing to /home/lpxz/eclipse/workspace/pecan/pecan-monitor/jinSootOutput/benchmarks/dstest/SimpleObject.class
     [java] Writing to /home/lpxz/eclipse/workspace/pecan/pecan-monitor/jinSootOutput/benchmarks/instrumented/java/util/Random.class
     [java] Writing to /home/lpxz/eclipse/workspace/pecan/pecan-monitor/jinSootOutput/benchmarks/instrumented/java/util/Set.class
     [java] Writing to /home/lpxz/eclipse/workspace/pecan/pecan-monitor/jinSootOutput/benchmarks/instrumented/java/util/Map.class
     [java] Writing to /home/lpxz/eclipse/workspace/pecan/pecan-monitor/jinSootOutput/benchmarks/instrumented/java/util/Comparator.class
     [java] Writing to /home/lpxz/eclipse/workspace/pecan/pecan-monitor/jinSootOutput/benchmarks/instrumented/java/util/SortedSet.class
     [java] Writing to /home/lpxz/eclipse/workspace/pecan/pecan-monitor/jinSootOutput/benchmarks/instrumented/java/util/SortedMap.class
     [java] Writing to /home/lpxz/eclipse/workspace/pecan/pecan-monitor/jinSootOutput/benchmarks/instrumented/java/util/ArrayList.class
     [java] Writing to /home/lpxz/eclipse/workspace/pecan/pecan-monitor/jinSootOutput/benchmarks/instrumented/java/util/Collections$CopiesList.class
     [java] Writing to /home/lpxz/eclipse/workspace/pecan/pecan-monitor/jinSootOutput/benchmarks/instrumented/java/util/Collections$UnmodifiableSet.class
     [java] Writing to /home/lpxz/eclipse/workspace/pecan/pecan-monitor/jinSootOutput/benchmarks/instrumented/java/util/Collections$SingletonSet.class
     [java] Writing to /home/lpxz/eclipse/workspace/pecan/pecan-monitor/jinSootOutput/benchmarks/instrumented/java/util/RandomAccess.class
     [java] Writing to /home/lpxz/eclipse/workspace/pecan/pecan-monitor/jinSootOutput/benchmarks/instrumented/java/util/Collections$EmptySet.class
     [java] Writing to /home/lpxz/eclipse/workspace/pecan/pecan-monitor/jinSootOutput/benchmarks/instrumented/java/util/Collections$UnmodifiableSortedSet.class
     [java] Writing to /home/lpxz/eclipse/workspace/pecan/pecan-monitor/jinSootOutput/benchmarks/instrumented/java/util/Collections$SynchronizedCollection.class
     [java] Writing to /home/lpxz/eclipse/workspace/pecan/pecan-monitor/jinSootOutput/benchmarks/instrumented/java/util/Collections$UnmodifiableCollection.class
     [java] Writing to /home/lpxz/eclipse/workspace/pecan/pecan-monitor/jinSootOutput/benchmarks/instrumented/java/util/Collections$SynchronizedSet.class
     [java] Writing to /home/lpxz/eclipse/workspace/pecan/pecan-monitor/jinSootOutput/benchmarks/instrumented/java/util/Collections$EmptyList.class
     [java] Writing to /home/lpxz/eclipse/workspace/pecan/pecan-monitor/jinSootOutput/benchmarks/instrumented/java/util/Collections$SynchronizedSortedSet.class
     [java] Writing to /home/lpxz/eclipse/workspace/pecan/pecan-monitor/jinSootOutput/benchmarks/instrumented/java/util/Collections$ReverseComparator.class
     [java] Writing to /home/lpxz/eclipse/workspace/pecan/pecan-monitor/jinSootOutput/benchmarks/instrumented/java/util/Collections$UnmodifiableMap.class
     [java] Writing to /home/lpxz/eclipse/workspace/pecan/pecan-monitor/jinSootOutput/benchmarks/instrumented/java/util/Collections$SingletonMap.class
     [java] Writing to /home/lpxz/eclipse/workspace/pecan/pecan-monitor/jinSootOutput/benchmarks/instrumented/java/util/Collections$SynchronizedList.class
     [java] Writing to /home/lpxz/eclipse/workspace/pecan/pecan-monitor/jinSootOutput/benchmarks/instrumented/java/util/Collections$SynchronizedSortedMap.class
     [java] Writing to /home/lpxz/eclipse/workspace/pecan/pecan-monitor/jinSootOutput/benchmarks/instrumented/java/util/Collections$SingletonList.class
     [java] Writing to /home/lpxz/eclipse/workspace/pecan/pecan-monitor/jinSootOutput/benchmarks/instrumented/java/util/Collections$SynchronizedMap.class
     [java] Writing to /home/lpxz/eclipse/workspace/pecan/pecan-monitor/jinSootOutput/benchmarks/instrumented/java/util/Arrays.class
     [java] Writing to /home/lpxz/eclipse/workspace/pecan/pecan-monitor/jinSootOutput/benchmarks/instrumented/java/util/Collections$UnmodifiableRandomAccessList.class
     [java] Writing to /home/lpxz/eclipse/workspace/pecan/pecan-monitor/jinSootOutput/benchmarks/instrumented/java/util/Collections$EmptyMap.class
     [java] Writing to /home/lpxz/eclipse/workspace/pecan/pecan-monitor/jinSootOutput/benchmarks/instrumented/java/util/Collections$UnmodifiableSortedMap.class
     [java] Writing to /home/lpxz/eclipse/workspace/pecan/pecan-monitor/jinSootOutput/benchmarks/instrumented/java/util/Collections$1.class
     [java] Writing to /home/lpxz/eclipse/workspace/pecan/pecan-monitor/jinSootOutput/benchmarks/instrumented/java/util/Collections$SynchronizedRandomAccessList.class
     [java] Writing to /home/lpxz/eclipse/workspace/pecan/pecan-monitor/jinSootOutput/benchmarks/instrumented/java/util/Collections$UnmodifiableList.class
     [java] Writing to /home/lpxz/eclipse/workspace/pecan/pecan-monitor/jinSootOutput/benchmarks/instrumented/java/util/AbstractSequentialList.class
     [java] Writing to /home/lpxz/eclipse/workspace/pecan/pecan-monitor/jinSootOutput/benchmarks/instrumented/java/util/LinkedList$Entry.class
     [java] Writing to /home/lpxz/eclipse/workspace/pecan/pecan-monitor/jinSootOutput/benchmarks/instrumented/java/util/LinkedList$ListItr.class
     [java] Writing to /home/lpxz/eclipse/workspace/pecan/pecan-monitor/jinSootOutput/benchmarks/instrumented/java/util/NoSuchElementException.class
     [java] Writing to /home/lpxz/eclipse/workspace/pecan/pecan-monitor/jinSootOutput/benchmarks/instrumented/java/util/AbstractList.class
     [java] Writing to /home/lpxz/eclipse/workspace/pecan/pecan-monitor/jinSootOutput/benchmarks/instrumented/java/util/AbstractSet.class
     [java] Writing to /home/lpxz/eclipse/workspace/pecan/pecan-monitor/jinSootOutput/benchmarks/instrumented/java/util/Collections$SingletonSet$1.class
     [java] Writing to /home/lpxz/eclipse/workspace/pecan/pecan-monitor/jinSootOutput/benchmarks/instrumented/java/util/Collections$EmptySet$1.class
     [java] Writing to /home/lpxz/eclipse/workspace/pecan/pecan-monitor/jinSootOutput/benchmarks/instrumented/java/util/Map$Entry.class
     [java] Writing to /home/lpxz/eclipse/workspace/pecan/pecan-monitor/jinSootOutput/benchmarks/instrumented/java/util/ConcurrentModificationException.class
     [java] Writing to /home/lpxz/eclipse/workspace/pecan/pecan-monitor/jinSootOutput/benchmarks/instrumented/java/util/Collections$UnmodifiableCollection$1.class
     [java] Writing to /home/lpxz/eclipse/workspace/pecan/pecan-monitor/jinSootOutput/benchmarks/instrumented/java/util/Collections$UnmodifiableMap$UnmodifiableEntrySet.class
     [java] Writing to /home/lpxz/eclipse/workspace/pecan/pecan-monitor/jinSootOutput/benchmarks/instrumented/java/util/AbstractMap.class
     [java] Writing to /home/lpxz/eclipse/workspace/pecan/pecan-monitor/jinSootOutput/benchmarks/instrumented/java/util/Collections$SingletonMap$ImmutableEntry.class
     [java] Writing to /home/lpxz/eclipse/workspace/pecan/pecan-monitor/jinSootOutput/benchmarks/instrumented/java/util/Arrays$ArrayList.class
     [java] Writing to /home/lpxz/eclipse/workspace/pecan/pecan-monitor/jinSootOutput/benchmarks/instrumented/java/util/Collections$UnmodifiableList$1.class
     [java] Writing to /home/lpxz/eclipse/workspace/pecan/pecan-monitor/jinSootOutput/benchmarks/instrumented/java/util/AbstractCollection.class
     [java] Writing to /home/lpxz/eclipse/workspace/pecan/pecan-monitor/jinSootOutput/benchmarks/instrumented/java/util/SubList.class
     [java] Writing to /home/lpxz/eclipse/workspace/pecan/pecan-monitor/jinSootOutput/benchmarks/instrumented/java/util/AbstractList$ListItr.class
     [java] Writing to /home/lpxz/eclipse/workspace/pecan/pecan-monitor/jinSootOutput/benchmarks/instrumented/java/util/AbstractList$Itr.class
     [java] Writing to /home/lpxz/eclipse/workspace/pecan/pecan-monitor/jinSootOutput/benchmarks/instrumented/java/util/RandomAccessSubList.class
     [java] Writing to /home/lpxz/eclipse/workspace/pecan/pecan-monitor/jinSootOutput/benchmarks/instrumented/java/util/Collections$UnmodifiableMap$UnmodifiableEntrySet$1.class
     [java] Writing to /home/lpxz/eclipse/workspace/pecan/pecan-monitor/jinSootOutput/benchmarks/instrumented/java/util/Collections$UnmodifiableMap$UnmodifiableEntrySet$UnmodifiableEntry.class
     [java] Writing to /home/lpxz/eclipse/workspace/pecan/pecan-monitor/jinSootOutput/benchmarks/instrumented/java/util/AbstractMap$SimpleEntry.class
     [java] Writing to /home/lpxz/eclipse/workspace/pecan/pecan-monitor/jinSootOutput/benchmarks/instrumented/java/util/AbstractMap$1.class
     [java] Writing to /home/lpxz/eclipse/workspace/pecan/pecan-monitor/jinSootOutput/benchmarks/instrumented/java/util/AbstractMap$2.class
     [java] Writing to /home/lpxz/eclipse/workspace/pecan/pecan-monitor/jinSootOutput/benchmarks/instrumented/java/util/SubList$1.class
     [java] Writing to /home/lpxz/eclipse/workspace/pecan/pecan-monitor/jinSootOutput/benchmarks/instrumented/java/util/AbstractMap$1$1.class
     [java] Writing to /home/lpxz/eclipse/workspace/pecan/pecan-monitor/jinSootOutput/benchmarks/instrumented/java/util/AbstractMap$2$1.class
     [java] Writing to /home/lpxz/eclipse/workspace/pecan/pecan-monitor/jinSootOutput/AVfix/debug/Chocalate.class
     [java] Writing to /home/lpxz/eclipse/workspace/pecan/pecan-monitor/jinSootOutput/benchmarks/dstest/MTArrayListTest.class
     [java] ===========================================
     [java] NaiveD:
     [java] set the main class and the analyzedFolder in SootAgent4Fixing
     [java] Warning: Phase wjtp.tnlp is not a standard Soot phase listed in XML files.
     [java] I am 2.4 vertsion
     [java] !!!panc: r3 = interfaceinvoke $r6.<benchmarks.instrumented.java.util.List: benchmarks.instrumented.java.util.ListIterator listIterator()>() 612
     [java] !!!canc: $z2 = interfaceinvoke r2.<benchmarks.instrumented.java.util.ListIterator: boolean hasNext()>() 613
     [java] msig:<benchmarks.instrumented.java.util.AbstractList: boolean equals(java.lang.Object)>
     [java] ctxts:
     [java] benchmarks.instrumented.java.util.AbstractList.equals(Collections.java:1779)
     [java] benchmarks.instrumented.java.util.Collections$SynchronizedList.equals(MTListTest.java:61)
     [java] benchmarks.dstest.MTListTest.run(-1)
     [java] !!!ranc: r0.<benchmarks.instrumented.java.util.ArrayList: int size> = $i6 438
     [java] msig:<benchmarks.instrumented.java.util.ArrayList: boolean addAll(benchmarks.instrumented.java.util.Collection)>
     [java] ctxts:
     [java] benchmarks.instrumented.java.util.ArrayList.addAll(Collections.java:1569)
     [java] benchmarks.instrumented.java.util.Collections$SynchronizedCollection.addAll(MTListTest.java:67)
     [java] benchmarks.dstest.MTListTest.run(-1)
     [java] !!!panc: r3 = interfaceinvoke $r6.<benchmarks.instrumented.java.util.List: benchmarks.instrumented.java.util.ListIterator listIterator()>() 612
     [java] !!!canc: r5 = interfaceinvoke r3.<benchmarks.instrumented.java.util.ListIterator: java.lang.Object next()>() 615
     [java] msig:<benchmarks.instrumented.java.util.AbstractList: boolean equals(java.lang.Object)>
     [java] ctxts:
     [java] benchmarks.instrumented.java.util.AbstractList.equals(Collections.java:1779)
     [java] benchmarks.instrumented.java.util.Collections$SynchronizedList.equals(MTListTest.java:61)
     [java] benchmarks.dstest.MTListTest.run(-1)
     [java] !!!ranc: r0.<benchmarks.instrumented.java.util.ArrayList: int size> = $i6 438
     [java] msig:<benchmarks.instrumented.java.util.ArrayList: boolean addAll(benchmarks.instrumented.java.util.Collection)>
     [java] ctxts:
     [java] benchmarks.instrumented.java.util.ArrayList.addAll(Collections.java:1569)
     [java] benchmarks.instrumented.java.util.Collections$SynchronizedCollection.addAll(MTListTest.java:67)
     [java] benchmarks.dstest.MTListTest.run(-1)
     [java] !!!panc: r3 = interfaceinvoke $r6.<benchmarks.instrumented.java.util.List: benchmarks.instrumented.java.util.ListIterator listIterator()>() 612
     [java] !!!canc: r5 = interfaceinvoke r3.<benchmarks.instrumented.java.util.ListIterator: java.lang.Object next()>() 615
     [java] msig:<benchmarks.instrumented.java.util.AbstractList: boolean equals(java.lang.Object)>
     [java] ctxts:
     [java] benchmarks.instrumented.java.util.AbstractList.equals(Collections.java:1779)
     [java] benchmarks.instrumented.java.util.Collections$SynchronizedList.equals(MTListTest.java:61)
     [java] benchmarks.dstest.MTListTest.run(-1)
     [java] !!!ranc: r0.<benchmarks.instrumented.java.util.ArrayList: int modCount> = $i4 162
     [java] msig:<benchmarks.instrumented.java.util.ArrayList: void ensureCapacity(int)>
     [java] ctxts:
     [java] benchmarks.instrumented.java.util.ArrayList.ensureCapacity(ArrayList.java:436)
     [java] benchmarks.instrumented.java.util.ArrayList.addAll(Collections.java:1569)
     [java] benchmarks.instrumented.java.util.Collections$SynchronizedCollection.addAll(MTListTest.java:67)
     [java] benchmarks.dstest.MTListTest.run(-1)
     [java] 3
     [java] [Call Graph] For information on where the call graph may be incomplete, use the verbose option to the cg phase.
     [java] [Spark] Pointer Assignment Graph in 0.7 seconds.
     [java] [Spark] Type masks in 0.7 seconds.
     [java] [Spark] Pointer Graph simplified in 0.0 seconds.
     [java] [Spark] Propagation in 32.1 seconds.
     [java] [Spark] Solution found in 32.1 seconds.
     [java] bad guys before applying locking:0
     [java] locking the whole method:<benchmarks.instrumented.java.util.AbstractList: boolean equals(java.lang.Object)>->|
     [java] locking:r0.<benchmarks.instrumented.java.util.ArrayList: int size> = $i5 
     [java] in <benchmarks.instrumented.java.util.ArrayList: boolean addAll(benchmarks.instrumented.java.util.Collection)>->|
     [java] locking the whole method:<benchmarks.instrumented.java.util.AbstractList: boolean equals(java.lang.Object)>->|
     [java] locking:r0.<benchmarks.instrumented.java.util.ArrayList: int size> = $i5 
     [java] in <benchmarks.instrumented.java.util.ArrayList: boolean addAll(benchmarks.instrumented.java.util.Collection)>->|
     [java] locking the whole method:<benchmarks.instrumented.java.util.AbstractList: boolean equals(java.lang.Object)>->|
     [java] locking:r0.<benchmarks.instrumented.java.util.ArrayList: int modCount> = $i4 
     [java] in <benchmarks.instrumented.java.util.ArrayList: void ensureCapacity(int)>->|
     [java] time of fixing av:3
     [java] Writing to /home/lpxz/eclipse/workspace/pecan/pecan-monitor/naiveDSootOutput/benchmarks/dstest/MTListTest.class
     [java] Writing to /home/lpxz/eclipse/workspace/pecan/pecan-monitor/naiveDSootOutput/benchmarks/instrumented/java/util/List.class
     [java] Writing to /home/lpxz/eclipse/workspace/pecan/pecan-monitor/naiveDSootOutput/benchmarks/instrumented/java/util/Collections.class
     [java] Writing to /home/lpxz/eclipse/workspace/pecan/pecan-monitor/naiveDSootOutput/benchmarks/instrumented/java/util/Iterator.class
     [java] Writing to /home/lpxz/eclipse/workspace/pecan/pecan-monitor/naiveDSootOutput/benchmarks/jpf_test_cases/MyRandom.class
     [java] Writing to /home/lpxz/eclipse/workspace/pecan/pecan-monitor/naiveDSootOutput/benchmarks/instrumented/java/util/LinkedList.class
     [java] Writing to /home/lpxz/eclipse/workspace/pecan/pecan-monitor/naiveDSootOutput/benchmarks/instrumented/java/util/ListIterator.class
     [java] Writing to /home/lpxz/eclipse/workspace/pecan/pecan-monitor/naiveDSootOutput/benchmarks/instrumented/java/util/Collection.class
     [java] Writing to /home/lpxz/eclipse/workspace/pecan/pecan-monitor/naiveDSootOutput/benchmarks/dstest/SimpleObject.class
     [java] Writing to /home/lpxz/eclipse/workspace/pecan/pecan-monitor/naiveDSootOutput/benchmarks/instrumented/java/util/Random.class
     [java] Writing to /home/lpxz/eclipse/workspace/pecan/pecan-monitor/naiveDSootOutput/benchmarks/instrumented/java/util/Set.class
     [java] Writing to /home/lpxz/eclipse/workspace/pecan/pecan-monitor/naiveDSootOutput/benchmarks/instrumented/java/util/Map.class
     [java] Writing to /home/lpxz/eclipse/workspace/pecan/pecan-monitor/naiveDSootOutput/benchmarks/instrumented/java/util/Comparator.class
     [java] Writing to /home/lpxz/eclipse/workspace/pecan/pecan-monitor/naiveDSootOutput/benchmarks/instrumented/java/util/SortedSet.class
     [java] Writing to /home/lpxz/eclipse/workspace/pecan/pecan-monitor/naiveDSootOutput/benchmarks/instrumented/java/util/SortedMap.class
     [java] Writing to /home/lpxz/eclipse/workspace/pecan/pecan-monitor/naiveDSootOutput/benchmarks/instrumented/java/util/ArrayList.class
     [java] Writing to /home/lpxz/eclipse/workspace/pecan/pecan-monitor/naiveDSootOutput/benchmarks/instrumented/java/util/Collections$CopiesList.class
     [java] Writing to /home/lpxz/eclipse/workspace/pecan/pecan-monitor/naiveDSootOutput/benchmarks/instrumented/java/util/Collections$UnmodifiableSet.class
     [java] Writing to /home/lpxz/eclipse/workspace/pecan/pecan-monitor/naiveDSootOutput/benchmarks/instrumented/java/util/Collections$SingletonSet.class
     [java] Writing to /home/lpxz/eclipse/workspace/pecan/pecan-monitor/naiveDSootOutput/benchmarks/instrumented/java/util/RandomAccess.class
     [java] Writing to /home/lpxz/eclipse/workspace/pecan/pecan-monitor/naiveDSootOutput/benchmarks/instrumented/java/util/Collections$EmptySet.class
     [java] Writing to /home/lpxz/eclipse/workspace/pecan/pecan-monitor/naiveDSootOutput/benchmarks/instrumented/java/util/Collections$UnmodifiableSortedSet.class
     [java] Writing to /home/lpxz/eclipse/workspace/pecan/pecan-monitor/naiveDSootOutput/benchmarks/instrumented/java/util/Collections$SynchronizedCollection.class
     [java] Writing to /home/lpxz/eclipse/workspace/pecan/pecan-monitor/naiveDSootOutput/benchmarks/instrumented/java/util/Collections$UnmodifiableCollection.class
     [java] Writing to /home/lpxz/eclipse/workspace/pecan/pecan-monitor/naiveDSootOutput/benchmarks/instrumented/java/util/Collections$SynchronizedSet.class
     [java] Writing to /home/lpxz/eclipse/workspace/pecan/pecan-monitor/naiveDSootOutput/benchmarks/instrumented/java/util/Collections$EmptyList.class
     [java] Writing to /home/lpxz/eclipse/workspace/pecan/pecan-monitor/naiveDSootOutput/benchmarks/instrumented/java/util/Collections$SynchronizedSortedSet.class
     [java] Writing to /home/lpxz/eclipse/workspace/pecan/pecan-monitor/naiveDSootOutput/benchmarks/instrumented/java/util/Collections$ReverseComparator.class
     [java] Writing to /home/lpxz/eclipse/workspace/pecan/pecan-monitor/naiveDSootOutput/benchmarks/instrumented/java/util/Collections$UnmodifiableMap.class
     [java] Writing to /home/lpxz/eclipse/workspace/pecan/pecan-monitor/naiveDSootOutput/benchmarks/instrumented/java/util/Collections$SingletonMap.class
     [java] Writing to /home/lpxz/eclipse/workspace/pecan/pecan-monitor/naiveDSootOutput/benchmarks/instrumented/java/util/Collections$SynchronizedList.class
     [java] Writing to /home/lpxz/eclipse/workspace/pecan/pecan-monitor/naiveDSootOutput/benchmarks/instrumented/java/util/Collections$SynchronizedSortedMap.class
     [java] Writing to /home/lpxz/eclipse/workspace/pecan/pecan-monitor/naiveDSootOutput/benchmarks/instrumented/java/util/Collections$SingletonList.class
     [java] Writing to /home/lpxz/eclipse/workspace/pecan/pecan-monitor/naiveDSootOutput/benchmarks/instrumented/java/util/Collections$SynchronizedMap.class
     [java] Writing to /home/lpxz/eclipse/workspace/pecan/pecan-monitor/naiveDSootOutput/benchmarks/instrumented/java/util/Arrays.class
     [java] Writing to /home/lpxz/eclipse/workspace/pecan/pecan-monitor/naiveDSootOutput/benchmarks/instrumented/java/util/Collections$UnmodifiableRandomAccessList.class
     [java] Writing to /home/lpxz/eclipse/workspace/pecan/pecan-monitor/naiveDSootOutput/benchmarks/instrumented/java/util/Collections$EmptyMap.class
     [java] Writing to /home/lpxz/eclipse/workspace/pecan/pecan-monitor/naiveDSootOutput/benchmarks/instrumented/java/util/Collections$UnmodifiableSortedMap.class
     [java] Writing to /home/lpxz/eclipse/workspace/pecan/pecan-monitor/naiveDSootOutput/benchmarks/instrumented/java/util/Collections$1.class
     [java] Writing to /home/lpxz/eclipse/workspace/pecan/pecan-monitor/naiveDSootOutput/benchmarks/instrumented/java/util/Collections$SynchronizedRandomAccessList.class
     [java] Writing to /home/lpxz/eclipse/workspace/pecan/pecan-monitor/naiveDSootOutput/benchmarks/instrumented/java/util/Collections$UnmodifiableList.class
     [java] Writing to /home/lpxz/eclipse/workspace/pecan/pecan-monitor/naiveDSootOutput/benchmarks/instrumented/java/util/AbstractSequentialList.class
     [java] Writing to /home/lpxz/eclipse/workspace/pecan/pecan-monitor/naiveDSootOutput/benchmarks/instrumented/java/util/LinkedList$Entry.class
     [java] Writing to /home/lpxz/eclipse/workspace/pecan/pecan-monitor/naiveDSootOutput/benchmarks/instrumented/java/util/LinkedList$ListItr.class
     [java] Writing to /home/lpxz/eclipse/workspace/pecan/pecan-monitor/naiveDSootOutput/benchmarks/instrumented/java/util/NoSuchElementException.class
     [java] Writing to /home/lpxz/eclipse/workspace/pecan/pecan-monitor/naiveDSootOutput/benchmarks/instrumented/java/util/AbstractList.class
     [java] Writing to /home/lpxz/eclipse/workspace/pecan/pecan-monitor/naiveDSootOutput/benchmarks/instrumented/java/util/AbstractSet.class
     [java] Writing to /home/lpxz/eclipse/workspace/pecan/pecan-monitor/naiveDSootOutput/benchmarks/instrumented/java/util/Collections$SingletonSet$1.class
     [java] Writing to /home/lpxz/eclipse/workspace/pecan/pecan-monitor/naiveDSootOutput/benchmarks/instrumented/java/util/Collections$EmptySet$1.class
     [java] Writing to /home/lpxz/eclipse/workspace/pecan/pecan-monitor/naiveDSootOutput/benchmarks/instrumented/java/util/Map$Entry.class
     [java] Writing to /home/lpxz/eclipse/workspace/pecan/pecan-monitor/naiveDSootOutput/benchmarks/instrumented/java/util/ConcurrentModificationException.class
     [java] Writing to /home/lpxz/eclipse/workspace/pecan/pecan-monitor/naiveDSootOutput/benchmarks/instrumented/java/util/Collections$UnmodifiableCollection$1.class
     [java] Writing to /home/lpxz/eclipse/workspace/pecan/pecan-monitor/naiveDSootOutput/benchmarks/instrumented/java/util/Collections$UnmodifiableMap$UnmodifiableEntrySet.class
     [java] Writing to /home/lpxz/eclipse/workspace/pecan/pecan-monitor/naiveDSootOutput/benchmarks/instrumented/java/util/AbstractMap.class
     [java] Writing to /home/lpxz/eclipse/workspace/pecan/pecan-monitor/naiveDSootOutput/benchmarks/instrumented/java/util/Collections$SingletonMap$ImmutableEntry.class
     [java] Writing to /home/lpxz/eclipse/workspace/pecan/pecan-monitor/naiveDSootOutput/benchmarks/instrumented/java/util/Arrays$ArrayList.class
     [java] Writing to /home/lpxz/eclipse/workspace/pecan/pecan-monitor/naiveDSootOutput/benchmarks/instrumented/java/util/Collections$UnmodifiableList$1.class
     [java] Writing to /home/lpxz/eclipse/workspace/pecan/pecan-monitor/naiveDSootOutput/benchmarks/instrumented/java/util/AbstractCollection.class
     [java] Writing to /home/lpxz/eclipse/workspace/pecan/pecan-monitor/naiveDSootOutput/benchmarks/instrumented/java/util/SubList.class
     [java] Writing to /home/lpxz/eclipse/workspace/pecan/pecan-monitor/naiveDSootOutput/benchmarks/instrumented/java/util/AbstractList$ListItr.class
     [java] Writing to /home/lpxz/eclipse/workspace/pecan/pecan-monitor/naiveDSootOutput/benchmarks/instrumented/java/util/AbstractList$Itr.class
     [java] Writing to /home/lpxz/eclipse/workspace/pecan/pecan-monitor/naiveDSootOutput/benchmarks/instrumented/java/util/RandomAccessSubList.class
     [java] Writing to /home/lpxz/eclipse/workspace/pecan/pecan-monitor/naiveDSootOutput/benchmarks/instrumented/java/util/Collections$UnmodifiableMap$UnmodifiableEntrySet$1.class
     [java] Writing to /home/lpxz/eclipse/workspace/pecan/pecan-monitor/naiveDSootOutput/benchmarks/instrumented/java/util/Collections$UnmodifiableMap$UnmodifiableEntrySet$UnmodifiableEntry.class
     [java] Writing to /home/lpxz/eclipse/workspace/pecan/pecan-monitor/naiveDSootOutput/benchmarks/instrumented/java/util/AbstractMap$SimpleEntry.class
     [java] Writing to /home/lpxz/eclipse/workspace/pecan/pecan-monitor/naiveDSootOutput/benchmarks/instrumented/java/util/AbstractMap$1.class
     [java] Writing to /home/lpxz/eclipse/workspace/pecan/pecan-monitor/naiveDSootOutput/benchmarks/instrumented/java/util/AbstractMap$2.class
     [java] Writing to /home/lpxz/eclipse/workspace/pecan/pecan-monitor/naiveDSootOutput/benchmarks/instrumented/java/util/SubList$1.class
     [java] Writing to /home/lpxz/eclipse/workspace/pecan/pecan-monitor/naiveDSootOutput/benchmarks/instrumented/java/util/AbstractMap$1$1.class
     [java] Writing to /home/lpxz/eclipse/workspace/pecan/pecan-monitor/naiveDSootOutput/benchmarks/instrumented/java/util/AbstractMap$2$1.class
     [java] Writing to /home/lpxz/eclipse/workspace/pecan/pecan-monitor/naiveDSootOutput/AVfix/debug/Chocalate.class
     [java] Writing to /home/lpxz/eclipse/workspace/pecan/pecan-monitor/naiveDSootOutput/benchmarks/dstest/MTArrayListTest.class
     [java] ===========================================
     [java] NaiveS:
     [java] set the main class and the analyzedFolder in SootAgent4Fixing
     [java] Warning: Phase wjtp.tnlp is not a standard Soot phase listed in XML files.
     [java] I am 2.4 vertsion
     [java] !!!panc: r3 = interfaceinvoke $r6.<benchmarks.instrumented.java.util.List: benchmarks.instrumented.java.util.ListIterator listIterator()>() 612
     [java] !!!canc: $z2 = interfaceinvoke r2.<benchmarks.instrumented.java.util.ListIterator: boolean hasNext()>() 613
     [java] msig:<benchmarks.instrumented.java.util.AbstractList: boolean equals(java.lang.Object)>
     [java] ctxts:
     [java] benchmarks.instrumented.java.util.AbstractList.equals(Collections.java:1779)
     [java] benchmarks.instrumented.java.util.Collections$SynchronizedList.equals(MTListTest.java:61)
     [java] benchmarks.dstest.MTListTest.run(-1)
     [java] !!!ranc: r0.<benchmarks.instrumented.java.util.ArrayList: int size> = $i6 438
     [java] msig:<benchmarks.instrumented.java.util.ArrayList: boolean addAll(benchmarks.instrumented.java.util.Collection)>
     [java] ctxts:
     [java] benchmarks.instrumented.java.util.ArrayList.addAll(Collections.java:1569)
     [java] benchmarks.instrumented.java.util.Collections$SynchronizedCollection.addAll(MTListTest.java:67)
     [java] benchmarks.dstest.MTListTest.run(-1)
     [java] !!!panc: r3 = interfaceinvoke $r6.<benchmarks.instrumented.java.util.List: benchmarks.instrumented.java.util.ListIterator listIterator()>() 612
     [java] !!!canc: r5 = interfaceinvoke r3.<benchmarks.instrumented.java.util.ListIterator: java.lang.Object next()>() 615
     [java] msig:<benchmarks.instrumented.java.util.AbstractList: boolean equals(java.lang.Object)>
     [java] ctxts:
     [java] benchmarks.instrumented.java.util.AbstractList.equals(Collections.java:1779)
     [java] benchmarks.instrumented.java.util.Collections$SynchronizedList.equals(MTListTest.java:61)
     [java] benchmarks.dstest.MTListTest.run(-1)
     [java] !!!ranc: r0.<benchmarks.instrumented.java.util.ArrayList: int size> = $i6 438
     [java] msig:<benchmarks.instrumented.java.util.ArrayList: boolean addAll(benchmarks.instrumented.java.util.Collection)>
     [java] ctxts:
     [java] benchmarks.instrumented.java.util.ArrayList.addAll(Collections.java:1569)
     [java] benchmarks.instrumented.java.util.Collections$SynchronizedCollection.addAll(MTListTest.java:67)
     [java] benchmarks.dstest.MTListTest.run(-1)
     [java] !!!panc: r3 = interfaceinvoke $r6.<benchmarks.instrumented.java.util.List: benchmarks.instrumented.java.util.ListIterator listIterator()>() 612
     [java] !!!canc: r5 = interfaceinvoke r3.<benchmarks.instrumented.java.util.ListIterator: java.lang.Object next()>() 615
     [java] msig:<benchmarks.instrumented.java.util.AbstractList: boolean equals(java.lang.Object)>
     [java] ctxts:
     [java] benchmarks.instrumented.java.util.AbstractList.equals(Collections.java:1779)
     [java] benchmarks.instrumented.java.util.Collections$SynchronizedList.equals(MTListTest.java:61)
     [java] benchmarks.dstest.MTListTest.run(-1)
     [java] !!!ranc: r0.<benchmarks.instrumented.java.util.ArrayList: int modCount> = $i4 162
     [java] msig:<benchmarks.instrumented.java.util.ArrayList: void ensureCapacity(int)>
     [java] ctxts:
     [java] benchmarks.instrumented.java.util.ArrayList.ensureCapacity(ArrayList.java:436)
     [java] benchmarks.instrumented.java.util.ArrayList.addAll(Collections.java:1569)
     [java] benchmarks.instrumented.java.util.Collections$SynchronizedCollection.addAll(MTListTest.java:67)
     [java] benchmarks.dstest.MTListTest.run(-1)
     [java] 3
     [java] [Call Graph] For information on where the call graph may be incomplete, use the verbose option to the cg phase.
     [java] [Spark] Pointer Assignment Graph in 0.6 seconds.
     [java] [Spark] Type masks in 0.8 seconds.
     [java] [Spark] Pointer Graph simplified in 0.0 seconds.
     [java] [Spark] Propagation in 31.7 seconds.
     [java] [Spark] Solution found in 31.7 seconds.
     [java] bad guys before applying locking:0
     [java] locking the whole method:<benchmarks.instrumented.java.util.AbstractList: boolean equals(java.lang.Object)>->|
     [java] locking:r0.<benchmarks.instrumented.java.util.ArrayList: int size> = $i5 
     [java] in <benchmarks.instrumented.java.util.ArrayList: boolean addAll(benchmarks.instrumented.java.util.Collection)>->|
     [java] locking the whole method:<benchmarks.instrumented.java.util.AbstractList: boolean equals(java.lang.Object)>->|
     [java] locking:r0.<benchmarks.instrumented.java.util.ArrayList: int size> = $i5 
     [java] in <benchmarks.instrumented.java.util.ArrayList: boolean addAll(benchmarks.instrumented.java.util.Collection)>->|
     [java] locking the whole method:<benchmarks.instrumented.java.util.AbstractList: boolean equals(java.lang.Object)>->|
     [java] locking:r0.<benchmarks.instrumented.java.util.ArrayList: int modCount> = $i4 
     [java] in <benchmarks.instrumented.java.util.ArrayList: void ensureCapacity(int)>->|
     [java] time of fixing av:3
     [java] Writing to /home/lpxz/eclipse/workspace/pecan/pecan-monitor/naiveSSootOutput/benchmarks/dstest/MTListTest.class
     [java] Writing to /home/lpxz/eclipse/workspace/pecan/pecan-monitor/naiveSSootOutput/benchmarks/instrumented/java/util/List.class
     [java] Writing to /home/lpxz/eclipse/workspace/pecan/pecan-monitor/naiveSSootOutput/benchmarks/instrumented/java/util/Collections.class
     [java] Writing to /home/lpxz/eclipse/workspace/pecan/pecan-monitor/naiveSSootOutput/benchmarks/instrumented/java/util/Iterator.class
     [java] Writing to /home/lpxz/eclipse/workspace/pecan/pecan-monitor/naiveSSootOutput/benchmarks/jpf_test_cases/MyRandom.class
     [java] Writing to /home/lpxz/eclipse/workspace/pecan/pecan-monitor/naiveSSootOutput/benchmarks/instrumented/java/util/LinkedList.class
     [java] Writing to /home/lpxz/eclipse/workspace/pecan/pecan-monitor/naiveSSootOutput/benchmarks/instrumented/java/util/ListIterator.class
     [java] Writing to /home/lpxz/eclipse/workspace/pecan/pecan-monitor/naiveSSootOutput/benchmarks/instrumented/java/util/Collection.class
     [java] Writing to /home/lpxz/eclipse/workspace/pecan/pecan-monitor/naiveSSootOutput/benchmarks/dstest/SimpleObject.class
     [java] Writing to /home/lpxz/eclipse/workspace/pecan/pecan-monitor/naiveSSootOutput/benchmarks/instrumented/java/util/Random.class
     [java] Writing to /home/lpxz/eclipse/workspace/pecan/pecan-monitor/naiveSSootOutput/benchmarks/instrumented/java/util/Set.class
     [java] Writing to /home/lpxz/eclipse/workspace/pecan/pecan-monitor/naiveSSootOutput/benchmarks/instrumented/java/util/Map.class
     [java] Writing to /home/lpxz/eclipse/workspace/pecan/pecan-monitor/naiveSSootOutput/benchmarks/instrumented/java/util/Comparator.class
     [java] Writing to /home/lpxz/eclipse/workspace/pecan/pecan-monitor/naiveSSootOutput/benchmarks/instrumented/java/util/SortedSet.class
     [java] Writing to /home/lpxz/eclipse/workspace/pecan/pecan-monitor/naiveSSootOutput/benchmarks/instrumented/java/util/SortedMap.class
     [java] Writing to /home/lpxz/eclipse/workspace/pecan/pecan-monitor/naiveSSootOutput/benchmarks/instrumented/java/util/ArrayList.class
     [java] Writing to /home/lpxz/eclipse/workspace/pecan/pecan-monitor/naiveSSootOutput/benchmarks/instrumented/java/util/Collections$CopiesList.class
     [java] Writing to /home/lpxz/eclipse/workspace/pecan/pecan-monitor/naiveSSootOutput/benchmarks/instrumented/java/util/Collections$UnmodifiableSet.class
     [java] Writing to /home/lpxz/eclipse/workspace/pecan/pecan-monitor/naiveSSootOutput/benchmarks/instrumented/java/util/Collections$SingletonSet.class
     [java] Writing to /home/lpxz/eclipse/workspace/pecan/pecan-monitor/naiveSSootOutput/benchmarks/instrumented/java/util/RandomAccess.class
     [java] Writing to /home/lpxz/eclipse/workspace/pecan/pecan-monitor/naiveSSootOutput/benchmarks/instrumented/java/util/Collections$EmptySet.class
     [java] Writing to /home/lpxz/eclipse/workspace/pecan/pecan-monitor/naiveSSootOutput/benchmarks/instrumented/java/util/Collections$UnmodifiableSortedSet.class
     [java] Writing to /home/lpxz/eclipse/workspace/pecan/pecan-monitor/naiveSSootOutput/benchmarks/instrumented/java/util/Collections$SynchronizedCollection.class
     [java] Writing to /home/lpxz/eclipse/workspace/pecan/pecan-monitor/naiveSSootOutput/benchmarks/instrumented/java/util/Collections$UnmodifiableCollection.class
     [java] Writing to /home/lpxz/eclipse/workspace/pecan/pecan-monitor/naiveSSootOutput/benchmarks/instrumented/java/util/Collections$SynchronizedSet.class
     [java] Writing to /home/lpxz/eclipse/workspace/pecan/pecan-monitor/naiveSSootOutput/benchmarks/instrumented/java/util/Collections$EmptyList.class
     [java] Writing to /home/lpxz/eclipse/workspace/pecan/pecan-monitor/naiveSSootOutput/benchmarks/instrumented/java/util/Collections$SynchronizedSortedSet.class
     [java] Writing to /home/lpxz/eclipse/workspace/pecan/pecan-monitor/naiveSSootOutput/benchmarks/instrumented/java/util/Collections$ReverseComparator.class
     [java] Writing to /home/lpxz/eclipse/workspace/pecan/pecan-monitor/naiveSSootOutput/benchmarks/instrumented/java/util/Collections$UnmodifiableMap.class
     [java] Writing to /home/lpxz/eclipse/workspace/pecan/pecan-monitor/naiveSSootOutput/benchmarks/instrumented/java/util/Collections$SingletonMap.class
     [java] Writing to /home/lpxz/eclipse/workspace/pecan/pecan-monitor/naiveSSootOutput/benchmarks/instrumented/java/util/Collections$SynchronizedList.class
     [java] Writing to /home/lpxz/eclipse/workspace/pecan/pecan-monitor/naiveSSootOutput/benchmarks/instrumented/java/util/Collections$SynchronizedSortedMap.class
     [java] Writing to /home/lpxz/eclipse/workspace/pecan/pecan-monitor/naiveSSootOutput/benchmarks/instrumented/java/util/Collections$SingletonList.class
     [java] Writing to /home/lpxz/eclipse/workspace/pecan/pecan-monitor/naiveSSootOutput/benchmarks/instrumented/java/util/Collections$SynchronizedMap.class
     [java] Writing to /home/lpxz/eclipse/workspace/pecan/pecan-monitor/naiveSSootOutput/benchmarks/instrumented/java/util/Arrays.class
     [java] Writing to /home/lpxz/eclipse/workspace/pecan/pecan-monitor/naiveSSootOutput/benchmarks/instrumented/java/util/Collections$UnmodifiableRandomAccessList.class
     [java] Writing to /home/lpxz/eclipse/workspace/pecan/pecan-monitor/naiveSSootOutput/benchmarks/instrumented/java/util/Collections$EmptyMap.class
     [java] Writing to /home/lpxz/eclipse/workspace/pecan/pecan-monitor/naiveSSootOutput/benchmarks/instrumented/java/util/Collections$UnmodifiableSortedMap.class
     [java] Writing to /home/lpxz/eclipse/workspace/pecan/pecan-monitor/naiveSSootOutput/benchmarks/instrumented/java/util/Collections$1.class
     [java] Writing to /home/lpxz/eclipse/workspace/pecan/pecan-monitor/naiveSSootOutput/benchmarks/instrumented/java/util/Collections$SynchronizedRandomAccessList.class
     [java] Writing to /home/lpxz/eclipse/workspace/pecan/pecan-monitor/naiveSSootOutput/benchmarks/instrumented/java/util/Collections$UnmodifiableList.class
     [java] Writing to /home/lpxz/eclipse/workspace/pecan/pecan-monitor/naiveSSootOutput/benchmarks/instrumented/java/util/AbstractSequentialList.class
     [java] Writing to /home/lpxz/eclipse/workspace/pecan/pecan-monitor/naiveSSootOutput/benchmarks/instrumented/java/util/LinkedList$Entry.class
     [java] Writing to /home/lpxz/eclipse/workspace/pecan/pecan-monitor/naiveSSootOutput/benchmarks/instrumented/java/util/LinkedList$ListItr.class
     [java] Writing to /home/lpxz/eclipse/workspace/pecan/pecan-monitor/naiveSSootOutput/benchmarks/instrumented/java/util/NoSuchElementException.class
     [java] Writing to /home/lpxz/eclipse/workspace/pecan/pecan-monitor/naiveSSootOutput/benchmarks/instrumented/java/util/AbstractList.class
     [java] Writing to /home/lpxz/eclipse/workspace/pecan/pecan-monitor/naiveSSootOutput/benchmarks/instrumented/java/util/AbstractSet.class
     [java] Writing to /home/lpxz/eclipse/workspace/pecan/pecan-monitor/naiveSSootOutput/benchmarks/instrumented/java/util/Collections$SingletonSet$1.class
     [java] Writing to /home/lpxz/eclipse/workspace/pecan/pecan-monitor/naiveSSootOutput/benchmarks/instrumented/java/util/Collections$EmptySet$1.class
     [java] Writing to /home/lpxz/eclipse/workspace/pecan/pecan-monitor/naiveSSootOutput/benchmarks/instrumented/java/util/Map$Entry.class
     [java] Writing to /home/lpxz/eclipse/workspace/pecan/pecan-monitor/naiveSSootOutput/benchmarks/instrumented/java/util/ConcurrentModificationException.class
     [java] Writing to /home/lpxz/eclipse/workspace/pecan/pecan-monitor/naiveSSootOutput/benchmarks/instrumented/java/util/Collections$UnmodifiableCollection$1.class
     [java] Writing to /home/lpxz/eclipse/workspace/pecan/pecan-monitor/naiveSSootOutput/benchmarks/instrumented/java/util/Collections$UnmodifiableMap$UnmodifiableEntrySet.class
     [java] Writing to /home/lpxz/eclipse/workspace/pecan/pecan-monitor/naiveSSootOutput/benchmarks/instrumented/java/util/AbstractMap.class
     [java] Writing to /home/lpxz/eclipse/workspace/pecan/pecan-monitor/naiveSSootOutput/benchmarks/instrumented/java/util/Collections$SingletonMap$ImmutableEntry.class
     [java] Writing to /home/lpxz/eclipse/workspace/pecan/pecan-monitor/naiveSSootOutput/benchmarks/instrumented/java/util/Arrays$ArrayList.class
     [java] Writing to /home/lpxz/eclipse/workspace/pecan/pecan-monitor/naiveSSootOutput/benchmarks/instrumented/java/util/Collections$UnmodifiableList$1.class
     [java] Writing to /home/lpxz/eclipse/workspace/pecan/pecan-monitor/naiveSSootOutput/benchmarks/instrumented/java/util/AbstractCollection.class
     [java] Writing to /home/lpxz/eclipse/workspace/pecan/pecan-monitor/naiveSSootOutput/benchmarks/instrumented/java/util/SubList.class
     [java] Writing to /home/lpxz/eclipse/workspace/pecan/pecan-monitor/naiveSSootOutput/benchmarks/instrumented/java/util/AbstractList$ListItr.class
     [java] Writing to /home/lpxz/eclipse/workspace/pecan/pecan-monitor/naiveSSootOutput/benchmarks/instrumented/java/util/AbstractList$Itr.class
     [java] Writing to /home/lpxz/eclipse/workspace/pecan/pecan-monitor/naiveSSootOutput/benchmarks/instrumented/java/util/RandomAccessSubList.class
     [java] Writing to /home/lpxz/eclipse/workspace/pecan/pecan-monitor/naiveSSootOutput/benchmarks/instrumented/java/util/Collections$UnmodifiableMap$UnmodifiableEntrySet$1.class
     [java] Writing to /home/lpxz/eclipse/workspace/pecan/pecan-monitor/naiveSSootOutput/benchmarks/instrumented/java/util/Collections$UnmodifiableMap$UnmodifiableEntrySet$UnmodifiableEntry.class
     [java] Writing to /home/lpxz/eclipse/workspace/pecan/pecan-monitor/naiveSSootOutput/benchmarks/instrumented/java/util/AbstractMap$SimpleEntry.class
     [java] Writing to /home/lpxz/eclipse/workspace/pecan/pecan-monitor/naiveSSootOutput/benchmarks/instrumented/java/util/AbstractMap$1.class
     [java] Writing to /home/lpxz/eclipse/workspace/pecan/pecan-monitor/naiveSSootOutput/benchmarks/instrumented/java/util/AbstractMap$2.class
     [java] Writing to /home/lpxz/eclipse/workspace/pecan/pecan-monitor/naiveSSootOutput/benchmarks/instrumented/java/util/SubList$1.class
     [java] Writing to /home/lpxz/eclipse/workspace/pecan/pecan-monitor/naiveSSootOutput/benchmarks/instrumented/java/util/AbstractMap$1$1.class
     [java] Writing to /home/lpxz/eclipse/workspace/pecan/pecan-monitor/naiveSSootOutput/benchmarks/instrumented/java/util/AbstractMap$2$1.class
     [java] Writing to /home/lpxz/eclipse/workspace/pecan/pecan-monitor/naiveSSootOutput/AVfix/debug/Chocalate.class
     [java] Writing to /home/lpxz/eclipse/workspace/pecan/pecan-monitor/naiveSSootOutput/benchmarks/dstest/MTArrayListTest.class
     [java] ===========================================
     [java] Original:
     [java] set the main class and the analyzedFolder in SootAgent4Fixing
     [java] Warning: Phase wjtp.tnlp is not a standard Soot phase listed in XML files.
     [java] I am 2.4 vertsion
     [java] [Call Graph] For information on where the call graph may be incomplete, use the verbose option to the cg phase.
     [java] [Spark] Pointer Assignment Graph in 0.7 seconds.
     [java] [Spark] Type masks in 0.5 seconds.
     [java] [Spark] Pointer Graph simplified in 0.0 seconds.
     [java] [Spark] Propagation in 31.5 seconds.
     [java] [Spark] Solution found in 31.5 seconds.
     [java] bad guys before applying locking:0
     [java] Writing to /home/lpxz/eclipse/workspace/pecan/pecan-monitor/origSootOutput/benchmarks/dstest/MTListTest.class
     [java] Writing to /home/lpxz/eclipse/workspace/pecan/pecan-monitor/origSootOutput/benchmarks/instrumented/java/util/List.class
     [java] Writing to /home/lpxz/eclipse/workspace/pecan/pecan-monitor/origSootOutput/benchmarks/instrumented/java/util/Collections.class
     [java] Writing to /home/lpxz/eclipse/workspace/pecan/pecan-monitor/origSootOutput/benchmarks/instrumented/java/util/Iterator.class
     [java] Writing to /home/lpxz/eclipse/workspace/pecan/pecan-monitor/origSootOutput/benchmarks/jpf_test_cases/MyRandom.class
     [java] Writing to /home/lpxz/eclipse/workspace/pecan/pecan-monitor/origSootOutput/benchmarks/instrumented/java/util/LinkedList.class
     [java] Writing to /home/lpxz/eclipse/workspace/pecan/pecan-monitor/origSootOutput/benchmarks/instrumented/java/util/ListIterator.class
     [java] Writing to /home/lpxz/eclipse/workspace/pecan/pecan-monitor/origSootOutput/benchmarks/instrumented/java/util/Collection.class
     [java] Writing to /home/lpxz/eclipse/workspace/pecan/pecan-monitor/origSootOutput/benchmarks/dstest/SimpleObject.class
     [java] Writing to /home/lpxz/eclipse/workspace/pecan/pecan-monitor/origSootOutput/benchmarks/instrumented/java/util/Random.class
     [java] Writing to /home/lpxz/eclipse/workspace/pecan/pecan-monitor/origSootOutput/benchmarks/instrumented/java/util/Set.class
     [java] Writing to /home/lpxz/eclipse/workspace/pecan/pecan-monitor/origSootOutput/benchmarks/instrumented/java/util/Map.class
     [java] Writing to /home/lpxz/eclipse/workspace/pecan/pecan-monitor/origSootOutput/benchmarks/instrumented/java/util/Comparator.class
     [java] Writing to /home/lpxz/eclipse/workspace/pecan/pecan-monitor/origSootOutput/benchmarks/instrumented/java/util/SortedSet.class
     [java] Writing to /home/lpxz/eclipse/workspace/pecan/pecan-monitor/origSootOutput/benchmarks/instrumented/java/util/SortedMap.class
     [java] Writing to /home/lpxz/eclipse/workspace/pecan/pecan-monitor/origSootOutput/benchmarks/instrumented/java/util/ArrayList.class
     [java] Writing to /home/lpxz/eclipse/workspace/pecan/pecan-monitor/origSootOutput/benchmarks/instrumented/java/util/Collections$CopiesList.class
     [java] Writing to /home/lpxz/eclipse/workspace/pecan/pecan-monitor/origSootOutput/benchmarks/instrumented/java/util/Collections$UnmodifiableSet.class
     [java] Writing to /home/lpxz/eclipse/workspace/pecan/pecan-monitor/origSootOutput/benchmarks/instrumented/java/util/Collections$SingletonSet.class
     [java] Writing to /home/lpxz/eclipse/workspace/pecan/pecan-monitor/origSootOutput/benchmarks/instrumented/java/util/RandomAccess.class
     [java] Writing to /home/lpxz/eclipse/workspace/pecan/pecan-monitor/origSootOutput/benchmarks/instrumented/java/util/Collections$EmptySet.class
     [java] Writing to /home/lpxz/eclipse/workspace/pecan/pecan-monitor/origSootOutput/benchmarks/instrumented/java/util/Collections$UnmodifiableSortedSet.class
     [java] Writing to /home/lpxz/eclipse/workspace/pecan/pecan-monitor/origSootOutput/benchmarks/instrumented/java/util/Collections$SynchronizedCollection.class
     [java] Writing to /home/lpxz/eclipse/workspace/pecan/pecan-monitor/origSootOutput/benchmarks/instrumented/java/util/Collections$UnmodifiableCollection.class
     [java] Writing to /home/lpxz/eclipse/workspace/pecan/pecan-monitor/origSootOutput/benchmarks/instrumented/java/util/Collections$SynchronizedSet.class
     [java] Writing to /home/lpxz/eclipse/workspace/pecan/pecan-monitor/origSootOutput/benchmarks/instrumented/java/util/Collections$EmptyList.class
     [java] Writing to /home/lpxz/eclipse/workspace/pecan/pecan-monitor/origSootOutput/benchmarks/instrumented/java/util/Collections$SynchronizedSortedSet.class
     [java] Writing to /home/lpxz/eclipse/workspace/pecan/pecan-monitor/origSootOutput/benchmarks/instrumented/java/util/Collections$ReverseComparator.class
     [java] Writing to /home/lpxz/eclipse/workspace/pecan/pecan-monitor/origSootOutput/benchmarks/instrumented/java/util/Collections$UnmodifiableMap.class
     [java] Writing to /home/lpxz/eclipse/workspace/pecan/pecan-monitor/origSootOutput/benchmarks/instrumented/java/util/Collections$SingletonMap.class
     [java] Writing to /home/lpxz/eclipse/workspace/pecan/pecan-monitor/origSootOutput/benchmarks/instrumented/java/util/Collections$SynchronizedList.class
     [java] Writing to /home/lpxz/eclipse/workspace/pecan/pecan-monitor/origSootOutput/benchmarks/instrumented/java/util/Collections$SynchronizedSortedMap.class
     [java] Writing to /home/lpxz/eclipse/workspace/pecan/pecan-monitor/origSootOutput/benchmarks/instrumented/java/util/Collections$SingletonList.class
     [java] Writing to /home/lpxz/eclipse/workspace/pecan/pecan-monitor/origSootOutput/benchmarks/instrumented/java/util/Collections$SynchronizedMap.class
     [java] Writing to /home/lpxz/eclipse/workspace/pecan/pecan-monitor/origSootOutput/benchmarks/instrumented/java/util/Arrays.class
     [java] Writing to /home/lpxz/eclipse/workspace/pecan/pecan-monitor/origSootOutput/benchmarks/instrumented/java/util/Collections$UnmodifiableRandomAccessList.class
     [java] Writing to /home/lpxz/eclipse/workspace/pecan/pecan-monitor/origSootOutput/benchmarks/instrumented/java/util/Collections$EmptyMap.class
     [java] Writing to /home/lpxz/eclipse/workspace/pecan/pecan-monitor/origSootOutput/benchmarks/instrumented/java/util/Collections$UnmodifiableSortedMap.class
     [java] Writing to /home/lpxz/eclipse/workspace/pecan/pecan-monitor/origSootOutput/benchmarks/instrumented/java/util/Collections$1.class
     [java] Writing to /home/lpxz/eclipse/workspace/pecan/pecan-monitor/origSootOutput/benchmarks/instrumented/java/util/Collections$SynchronizedRandomAccessList.class
     [java] Writing to /home/lpxz/eclipse/workspace/pecan/pecan-monitor/origSootOutput/benchmarks/instrumented/java/util/Collections$UnmodifiableList.class
     [java] Writing to /home/lpxz/eclipse/workspace/pecan/pecan-monitor/origSootOutput/benchmarks/instrumented/java/util/AbstractSequentialList.class
     [java] Writing to /home/lpxz/eclipse/workspace/pecan/pecan-monitor/origSootOutput/benchmarks/instrumented/java/util/LinkedList$Entry.class
     [java] Writing to /home/lpxz/eclipse/workspace/pecan/pecan-monitor/origSootOutput/benchmarks/instrumented/java/util/LinkedList$ListItr.class
     [java] Writing to /home/lpxz/eclipse/workspace/pecan/pecan-monitor/origSootOutput/benchmarks/instrumented/java/util/NoSuchElementException.class
     [java] Writing to /home/lpxz/eclipse/workspace/pecan/pecan-monitor/origSootOutput/benchmarks/instrumented/java/util/AbstractList.class
     [java] Writing to /home/lpxz/eclipse/workspace/pecan/pecan-monitor/origSootOutput/benchmarks/instrumented/java/util/AbstractSet.class
     [java] Writing to /home/lpxz/eclipse/workspace/pecan/pecan-monitor/origSootOutput/benchmarks/instrumented/java/util/Collections$SingletonSet$1.class
     [java] Writing to /home/lpxz/eclipse/workspace/pecan/pecan-monitor/origSootOutput/benchmarks/instrumented/java/util/Collections$EmptySet$1.class
     [java] Writing to /home/lpxz/eclipse/workspace/pecan/pecan-monitor/origSootOutput/benchmarks/instrumented/java/util/Map$Entry.class
     [java] Writing to /home/lpxz/eclipse/workspace/pecan/pecan-monitor/origSootOutput/benchmarks/instrumented/java/util/ConcurrentModificationException.class
     [java] Writing to /home/lpxz/eclipse/workspace/pecan/pecan-monitor/origSootOutput/benchmarks/instrumented/java/util/Collections$UnmodifiableCollection$1.class
     [java] Writing to /home/lpxz/eclipse/workspace/pecan/pecan-monitor/origSootOutput/benchmarks/instrumented/java/util/Collections$UnmodifiableMap$UnmodifiableEntrySet.class
     [java] Writing to /home/lpxz/eclipse/workspace/pecan/pecan-monitor/origSootOutput/benchmarks/instrumented/java/util/AbstractMap.class
     [java] Writing to /home/lpxz/eclipse/workspace/pecan/pecan-monitor/origSootOutput/benchmarks/instrumented/java/util/Collections$SingletonMap$ImmutableEntry.class
     [java] Writing to /home/lpxz/eclipse/workspace/pecan/pecan-monitor/origSootOutput/benchmarks/instrumented/java/util/Arrays$ArrayList.class
     [java] Writing to /home/lpxz/eclipse/workspace/pecan/pecan-monitor/origSootOutput/benchmarks/instrumented/java/util/Collections$UnmodifiableList$1.class
     [java] Writing to /home/lpxz/eclipse/workspace/pecan/pecan-monitor/origSootOutput/benchmarks/instrumented/java/util/AbstractCollection.class
     [java] Writing to /home/lpxz/eclipse/workspace/pecan/pecan-monitor/origSootOutput/benchmarks/instrumented/java/util/SubList.class
     [java] Writing to /home/lpxz/eclipse/workspace/pecan/pecan-monitor/origSootOutput/benchmarks/instrumented/java/util/AbstractList$ListItr.class
     [java] Writing to /home/lpxz/eclipse/workspace/pecan/pecan-monitor/origSootOutput/benchmarks/instrumented/java/util/AbstractList$Itr.class
     [java] Writing to /home/lpxz/eclipse/workspace/pecan/pecan-monitor/origSootOutput/benchmarks/instrumented/java/util/RandomAccessSubList.class
     [java] Writing to /home/lpxz/eclipse/workspace/pecan/pecan-monitor/origSootOutput/benchmarks/instrumented/java/util/Collections$UnmodifiableMap$UnmodifiableEntrySet$1.class
     [java] Writing to /home/lpxz/eclipse/workspace/pecan/pecan-monitor/origSootOutput/benchmarks/instrumented/java/util/Collections$UnmodifiableMap$UnmodifiableEntrySet$UnmodifiableEntry.class
     [java] Writing to /home/lpxz/eclipse/workspace/pecan/pecan-monitor/origSootOutput/benchmarks/instrumented/java/util/AbstractMap$SimpleEntry.class
     [java] Writing to /home/lpxz/eclipse/workspace/pecan/pecan-monitor/origSootOutput/benchmarks/instrumented/java/util/AbstractMap$1.class
     [java] Writing to /home/lpxz/eclipse/workspace/pecan/pecan-monitor/origSootOutput/benchmarks/instrumented/java/util/AbstractMap$2.class
     [java] Writing to /home/lpxz/eclipse/workspace/pecan/pecan-monitor/origSootOutput/benchmarks/instrumented/java/util/SubList$1.class
     [java] Writing to /home/lpxz/eclipse/workspace/pecan/pecan-monitor/origSootOutput/benchmarks/instrumented/java/util/AbstractMap$1$1.class
     [java] Writing to /home/lpxz/eclipse/workspace/pecan/pecan-monitor/origSootOutput/benchmarks/instrumented/java/util/AbstractMap$2$1.class
     [java] Writing to /home/lpxz/eclipse/workspace/pecan/pecan-monitor/origSootOutput/AVfix/debug/Chocalate.class
     [java] Writing to /home/lpxz/eclipse/workspace/pecan/pecan-monitor/origSootOutput/benchmarks/dstest/MTArrayListTest.class
BUILD SUCCESSFUL
Total time: 3 minutes 35 seconds


orig:
13

Peng:
15
JIn:
15
NaiveD:
16
NiaveS:
15