Buildfile: /home/lpxz/eclipse/workspace/pecan/pecan-monitor/detect.xml
buggy-monitor:
     [java] [06/Sep/2011, 04:31:47.346, w0] BPR04 - failed to retrive property Tester.START - using default 2000/01/20 00:00:00
     [java] [06/Sep/2011, 04:31:47.348, w0] BPR04 - failed to retrive property Tester.END - using default 2000/02/20 23:00:00
     [java] [06/Sep/2011, 04:31:47.349, w0] BPR04 - failed to retrive property Tester.SOHO_SYNOPTIC - using default 2
     [java] [06/Sep/2011, 04:31:47.350, w0] BPR04 - failed to retrive property Tester.RAG - using default sb
     [java] [06/Sep/2011, 04:31:47.351, w0] BPR04 - failed to retrive property Tester.MESOLA - using default 2
     [java] [06/Sep/2011, 04:31:47.351, w0] BPR04 - failed to retrive property Tester.SACREAMENTAL - using default 2
     [java] [06/Sep/2011, 04:31:47.352, w0] BPR04 - failed to retrive property Tester.WAIT_TIME - using default 1
     [java] FFS_TEMPLATE_PATH_html/
     [java] [06/Sep/2011, 04:31:47.374, d0] MetaSearchImpl:: constructor done
     [java] [06/Sep/2011, 04:31:47.377, d1] Tester::<init> name=thread0.log pause=2 it=5
     [java] [06/Sep/2011, 04:31:47.378, d1] Tester::<init> name=thread1.log pause=2 it=5
     [java] [06/Sep/2011, 04:31:47.380, d1] Tester::run start name=thread0.log
     [java] [06/Sep/2011, 04:31:47.380, d1] Tester::run start name=thread1.log
     [java] [06/Sep/2011, 04:31:47.381, d1] Tester::main end
     [java] [06/Sep/2011, 04:31:47.382, d-1] MetaSearch::search before parse
     [java] [06/Sep/2011, 04:31:47.386, d-1] MetaSearch::search after parse date=Thu Jan 20 04:48:55 HKT 2000
     [java] [06/Sep/2011, 04:31:47.406, d-1] MetaSearch::search before parse
     [java] [06/Sep/2011, 04:31:47.407, d-1] MetaSearch::search after parse date=Fri Jan 21 00:22:44 HKT 2000
     [java] [06/Sep/2011, 04:31:48.417, d-1] MetaSearch::search before parse
     [java] [06/Sep/2011, 04:31:48.417, d-1] MetaSearch::search after parse date=Sat Feb 05 16:29:48 HKT 2000
     [java] [06/Sep/2011, 04:31:48.446, d-1] MetaSearch::search before parse
     [java] [06/Sep/2011, 04:31:48.447, d-1] MetaSearch::search after parse date=Sun Jan 30 10:48:01 HKT 2000
     [java] [06/Sep/2011, 04:31:49.447, d-1] MetaSearch::search before parse
     [java] [06/Sep/2011, 04:31:49.447, d-1] MetaSearch::search after parse date=Sun Jan 30 09:00:00 HKT 2000
     [java] [06/Sep/2011, 04:31:49.467, d-1] MetaSearch::search before parse
     [java] [06/Sep/2011, 04:31:49.467, d-1] MetaSearch::search after parse date=Sun Feb 20 01:15:27 HKT 2000
     [java] [06/Sep/2011, 04:31:50.507, d-1] MetaSearch::search before parse
     [java] [06/Sep/2011, 04:31:50.507, d-1] MetaSearch::search after parse date=Thu Jan 27 05:00:21 HKT 2000
     [java] [06/Sep/2011, 04:31:50.508, d-1] MetaSearch::search before parse
     [java] [06/Sep/2011, 04:31:50.509, d-1] MetaSearch::search after parse date=Wed Jan 26 12:58:34 HKT 2000
     [java] [06/Sep/2011, 04:31:51.537, d-1] MetaSearch::search before parse
     [java] [06/Sep/2011, 04:31:51.538, d-1] MetaSearch::search after parse date=Mon Feb 07 18:09:59 HKT 2000
     [java] [06/Sep/2011, 04:31:51.539, d-1] MetaSearch::search before parse
     [java] [06/Sep/2011, 04:31:51.540, d-1] MetaSearch::search after parse date=Sun Jan 30 08:31:16 HKT 2000
     [java] [06/Sep/2011, 04:31:52.616, d1] Tester::run end
     [java] [06/Sep/2011, 04:31:52.617, d1] Tester::run end
     [java] Total time taken (in ms):5241
     [java] xx
     [java] Monitoring time: 5265 ms
     [java] Generated test cases go to: /home/lpxz/eclipse/workspace/pecan/pecan-replayer/src/replaydriver/ReplayDriver.java
     [java] package replaydriver;
     [java] // generated by CLAP on Tue Sep 06 04:31:52 HKT 2011
     [java] // Created for XXX JVM: 11.0-b15
     [java] import edu.hkust.clap.tracer.*;
     [java] import edu.hkust.clap.replayer.*;
     [java] public class ReplayDriver {
     [java] 	public static void setUp(String[] args) throws Exception {
     [java] 		TraceReader.setFileIndex(args);
     [java] 		TraceReader.readTrace(1,"/home/lpxz/eclipse/workspace/pecan/pecan-replayer/tmp/Clap25022_monitordata.trace.gz");
     [java] 		TraceReader.readTrace(2,"/home/lpxz/eclipse/workspace/pecan/pecan-replayer/tmp/Clap25022_threadNameToIdMap.trace.gz");
     [java] 	}
     [java] 	public static void main(String[] args) throws Throwable {
     [java] 		setUp(args);
     [java] 		new Thread("clap-main"){
     [java] 			public void run(){
     [java] 				// load arguments
     [java] 				String[] mainargs = {};
     [java] 				try {
     [java] 					benchmarks.hedc.Tester.main(mainargs);
     [java] 				} catch (Throwable e) {
     [java] 					e.printStackTrace();
     [java] 				}
     [java] 			}
     [java] 		}.start();
     [java] 		(new Scheduler()).start();
     [java] 		//WAIT FOR 1 MINUTE TO STOP REPLAY
     [java] 		//Thread.currentThread().sleep(60000);
     [java] 	}
     [java] }
     [java] Save monitordata to /home/lpxz/eclipse/workspace/pecan/pecan-monitor/tmp/trace
EngineMain:
     [java] --------------------------------------
     [java] *** Violation Patterns [ID - Memory Location - Line Number - Thread - Access Type] ***
     [java] -------------------------------------
     [java] Number of Threads: 3
     [java] Number of Shared Variables: 4
     [java] Number of Lock Nodes: 4
     [java] Number of Message Nodes: 8
     [java] Number of Non-Method Entry/Exit Nodes: 280
     [java] Number of Read/Write Nodes: 268
     [java] Number of Total Nodes: 958
     [java] Number of Races: 0
     [java] Number of Atomicity Violations: 0
     [java] Number of ASVs: 0
EngineMain2:
     [java] Remeber to set the SootAgent.origAnalyzedFolder (the original one, not sootified), I need the lineNO!
BUILD SUCCESSFUL
Total time: 6 seconds


no bug found!