Buildfile: /home/lpxz/eclipse/workspace/pecan/pecan-monitor/fix.xml
buggy-monitor:
     [java] ===========================================
     [java] Peng's:
     [java] set the main class and the analyzedFolder in SootAgent4Fixing
     [java] Warning: Phase wjtp.tnlp is not a standard Soot phase listed in XML files.
     [java] I am 2.4 vertsion
     [java] before rInPC reduction:1
     [java] !!!panc: $i1 = <mergesort.MSort: int m_iCurrentThreadsAlive> 41
     [java] !!!canc: <mergesort.MSort: int m_iCurrentThreadsAlive> = $i2 41
     [java] msig:<mergesort.MSort: void DecreaseThreadCounter()>
     [java] ctxts:
     [java] mergesort.MSort.DecreaseThreadCounter(MSort.java:271)
     [java] mergesort.MSort.Sorting(MSort.java:219)
     [java] mergesort.MSort.run(-1)
     [java] !!!ranc: <mergesort.MSort: int m_iCurrentThreadsAlive> = $i2 41
     [java] msig:<mergesort.MSort: void DecreaseThreadCounter()>
     [java] ctxts:
     [java] mergesort.MSort.DecreaseThreadCounter(MSort.java:271)
     [java] mergesort.MSort.Sorting(MergeSort.java:44)
     [java] mergesort.MergeSort.main(-1)
     [java] petri net size:494
     [java] after rInPC reduction:1
     [java] before subsume reduction:1
     [java] after subsume reduction:1
     [java] 1
     [java] [Call Graph] For information on where the call graph may be incomplete, use the verbose option to the cg phase.
     [java] [Spark] Pointer Assignment Graph in 0.8 seconds.
     [java] [Spark] Type masks in 0.5 seconds.
     [java] [Spark] Pointer Graph simplified in 0.0 seconds.
     [java] [Spark] Propagation in 49.6 seconds.
     [java] [Spark] Solution found in 49.6 seconds.
     [java] bad guys before applying locking:0
     [java] locking the whole method:<mergesort.MSort: void DecreaseThreadCounter()>->|
     [java] locking:<mergesort.MSort: int m_iCurrentThreadsAlive> = $i1 
     [java] in <mergesort.MSort: void DecreaseThreadCounter()>->|
     [java] time of fixing av:9
     [java] time of fixing deadlock: 29
     [java] Writing to /home/lpxz/eclipse/workspace/pecan/pecan-monitor/pengSootOutput/mergesort/MergeSort.class
     [java] Writing to /home/lpxz/eclipse/workspace/pecan/pecan-monitor/pengSootOutput/mergesort/MSort.class
     [java] Writing to /home/lpxz/eclipse/workspace/pecan/pecan-monitor/pengSootOutput/AVfix/debug/Chocalate.class
     [java] set the main class and the analyzedFolder in SootAgent4Fixing
     [java] JIN's:
     [java] Warning: Phase wjtp.tnlp is not a standard Soot phase listed in XML files.
     [java] I am 2.4 vertsion
     [java] before rInPC reduction:1
     [java] !!!panc: $i1 = <mergesort.MSort: int m_iCurrentThreadsAlive> 41
     [java] !!!canc: <mergesort.MSort: int m_iCurrentThreadsAlive> = $i2 41
     [java] msig:<mergesort.MSort: void DecreaseThreadCounter()>
     [java] ctxts:
     [java] mergesort.MSort.DecreaseThreadCounter(MSort.java:271)
     [java] mergesort.MSort.Sorting(MSort.java:219)
     [java] mergesort.MSort.run(-1)
     [java] !!!ranc: <mergesort.MSort: int m_iCurrentThreadsAlive> = $i2 41
     [java] msig:<mergesort.MSort: void DecreaseThreadCounter()>
     [java] ctxts:
     [java] mergesort.MSort.DecreaseThreadCounter(MSort.java:271)
     [java] mergesort.MSort.Sorting(MergeSort.java:44)
     [java] mergesort.MergeSort.main(-1)
     [java] petri net size:494
     [java] after rInPC reduction:1
     [java] before subsume reduction:1
     [java] after subsume reduction:1
     [java] [Call Graph] For information on where the call graph may be incomplete, use the verbose option to the cg phase.
     [java] [Spark] Pointer Assignment Graph in 0.9 seconds.
     [java] [Spark] Type masks in 0.5 seconds.
     [java] [Spark] Pointer Graph simplified in 0.0 seconds.
     [java] [Spark] Propagation in 49.8 seconds.
     [java] [Spark] Solution found in 49.8 seconds.
     [java] bad guys before applying locking:0
     [java] before merging:1
     [java] after merging, I have 1 super bugs to fix after merging
     [java] mergedbug 1486766449 contains N components: 1
     [java] locking the whole method:<mergesort.MSort: void DecreaseThreadCounter()>->|
     [java] time of fixing AV:10
     [java] Writing to /home/lpxz/eclipse/workspace/pecan/pecan-monitor/jinSootOutput/mergesort/MergeSort.class
     [java] Writing to /home/lpxz/eclipse/workspace/pecan/pecan-monitor/jinSootOutput/mergesort/MSort.class
     [java] Writing to /home/lpxz/eclipse/workspace/pecan/pecan-monitor/jinSootOutput/AVfix/debug/Chocalate.class
     [java] ===========================================
     [java] NaiveD:
     [java] set the main class and the analyzedFolder in SootAgent4Fixing
     [java] Warning: Phase wjtp.tnlp is not a standard Soot phase listed in XML files.
     [java] I am 2.4 vertsion
     [java] !!!panc: $i1 = <mergesort.MSort: int m_iCurrentThreadsAlive> 41
     [java] !!!canc: <mergesort.MSort: int m_iCurrentThreadsAlive> = $i2 41
     [java] msig:<mergesort.MSort: void DecreaseThreadCounter()>
     [java] ctxts:
     [java] mergesort.MSort.DecreaseThreadCounter(MSort.java:271)
     [java] mergesort.MSort.Sorting(MSort.java:219)
     [java] mergesort.MSort.run(-1)
     [java] !!!ranc: <mergesort.MSort: int m_iCurrentThreadsAlive> = $i2 41
     [java] msig:<mergesort.MSort: void DecreaseThreadCounter()>
     [java] ctxts:
     [java] mergesort.MSort.DecreaseThreadCounter(MSort.java:271)
     [java] mergesort.MSort.Sorting(MergeSort.java:44)
     [java] mergesort.MergeSort.main(-1)
     [java] 1
     [java] [Call Graph] For information on where the call graph may be incomplete, use the verbose option to the cg phase.
     [java] [Spark] Pointer Assignment Graph in 0.9 seconds.
     [java] [Spark] Type masks in 0.5 seconds.
     [java] [Spark] Pointer Graph simplified in 0.0 seconds.
     [java] [Spark] Propagation in 50.9 seconds.
     [java] [Spark] Solution found in 50.9 seconds.
     [java] bad guys before applying locking:0
     [java] locking the whole method:<mergesort.MSort: void DecreaseThreadCounter()>->|
     [java] locking:<mergesort.MSort: int m_iCurrentThreadsAlive> = $i1 
     [java] in <mergesort.MSort: void DecreaseThreadCounter()>->|
     [java] time of fixing av:9
     [java] time of fixing deadlock: 29
     [java] Writing to /home/lpxz/eclipse/workspace/pecan/pecan-monitor/naiveDSootOutput/mergesort/MergeSort.class
     [java] Writing to /home/lpxz/eclipse/workspace/pecan/pecan-monitor/naiveDSootOutput/mergesort/MSort.class
     [java] Writing to /home/lpxz/eclipse/workspace/pecan/pecan-monitor/naiveDSootOutput/AVfix/debug/Chocalate.class
     [java] ===========================================
     [java] NaiveS:
     [java] set the main class and the analyzedFolder in SootAgent4Fixing
     [java] Warning: Phase wjtp.tnlp is not a standard Soot phase listed in XML files.
     [java] I am 2.4 vertsion
     [java] !!!panc: $i1 = <mergesort.MSort: int m_iCurrentThreadsAlive> 41
     [java] !!!canc: <mergesort.MSort: int m_iCurrentThreadsAlive> = $i2 41
     [java] msig:<mergesort.MSort: void DecreaseThreadCounter()>
     [java] ctxts:
     [java] mergesort.MSort.DecreaseThreadCounter(MSort.java:271)
     [java] mergesort.MSort.Sorting(MSort.java:219)
     [java] mergesort.MSort.run(-1)
     [java] !!!ranc: <mergesort.MSort: int m_iCurrentThreadsAlive> = $i2 41
     [java] msig:<mergesort.MSort: void DecreaseThreadCounter()>
     [java] ctxts:
     [java] mergesort.MSort.DecreaseThreadCounter(MSort.java:271)
     [java] mergesort.MSort.Sorting(MergeSort.java:44)
     [java] mergesort.MergeSort.main(-1)
     [java] 1
     [java] [Call Graph] For information on where the call graph may be incomplete, use the verbose option to the cg phase.
     [java] [Spark] Pointer Assignment Graph in 0.9 seconds.
     [java] [Spark] Type masks in 0.5 seconds.
     [java] [Spark] Pointer Graph simplified in 0.0 seconds.
     [java] [Spark] Propagation in 49.2 seconds.
     [java] [Spark] Solution found in 49.2 seconds.
     [java] bad guys before applying locking:0
     [java] locking the whole method:<mergesort.MSort: void DecreaseThreadCounter()>->|
     [java] locking:<mergesort.MSort: int m_iCurrentThreadsAlive> = $i1 
     [java] in <mergesort.MSort: void DecreaseThreadCounter()>->|
     [java] time of fixing av:9
     [java] time of fixing deadlock: 30
     [java] Writing to /home/lpxz/eclipse/workspace/pecan/pecan-monitor/naiveSSootOutput/mergesort/MergeSort.class
     [java] Writing to /home/lpxz/eclipse/workspace/pecan/pecan-monitor/naiveSSootOutput/mergesort/MSort.class
     [java] Writing to /home/lpxz/eclipse/workspace/pecan/pecan-monitor/naiveSSootOutput/AVfix/debug/Chocalate.class
     [java] ===========================================
     [java] Original:
     [java] set the main class and the analyzedFolder in SootAgent4Fixing
     [java] Warning: Phase wjtp.tnlp is not a standard Soot phase listed in XML files.
     [java] I am 2.4 vertsion
     [java] [Call Graph] For information on where the call graph may be incomplete, use the verbose option to the cg phase.
     [java] [Spark] Pointer Assignment Graph in 0.9 seconds.
     [java] [Spark] Type masks in 0.5 seconds.
     [java] [Spark] Pointer Graph simplified in 0.0 seconds.
     [java] [Spark] Propagation in 50.8 seconds.
     [java] [Spark] Solution found in 50.8 seconds.
     [java] bad guys before applying locking:0
     [java] Writing to /home/lpxz/eclipse/workspace/pecan/pecan-monitor/origSootOutput/mergesort/MergeSort.class
     [java] Writing to /home/lpxz/eclipse/workspace/pecan/pecan-monitor/origSootOutput/mergesort/MSort.class
     [java] Writing to /home/lpxz/eclipse/workspace/pecan/pecan-monitor/origSootOutput/AVfix/debug/Chocalate.class
BUILD SUCCESSFUL
Total time: 4 minutes 54 seconds

Origi:
20
Peng: 
22
Jin: 21
NaiveD
23
NaiveS:
22
