Activity Log
16384
Mailpuccino: RETR 12
Server: +OK 6171 octets
Mailpuccino: RETR 13
Server: +OK 15489 octets
Mailpuccino: RETR 14
Server: +OK 18577 octets
Mailpuccino: RETR 15
Server: +OK 13139 octets
Mailpuccino: RETR 16
Server: +OK 6732 octets
Mailpuccino: RETR 17
Server: +OK 5878 octets
Mailpuccino: RETR 18
Server: +OK 21443 octets
Mailpuccino: RETR 19
Server: +OK 2403 octets
Mailpuccino: RETR 20
Server: +OK 3410 octets
Mailpuccino: RETR 21
Server: +OK 4624 octets
Mailpuccino: RETR 22
Server: +OK 7436 octets
Mailpuccino: RETR 23
Server: +OK 6499 octets
Mailpuccino: RETR 24
Server: +OK 3059 octets
Mailpuccino: RETR 25
Server: +OK 48926 octets
Mailpuccino: RETR 26
Server: +OK 2412 octets
Mailpuccino: RETR 27
Server: +OK 67661 octets
Mailpuccino: RETR 28
Server: +OK 5228 octets
Mailpuccino: RETR 29
Server: +OK 29229 octets
Mailpuccino: RETR 30
Server: +OK 79881 octets
Mailpuccino: RETR 31
Server: +OK 79881 octets
Mailpuccino: RETR 32
Server: +OK 6311 octets
Mailpuccino: RETR 33
Server: +OK 18986 octets
Mailpuccino: RETR 34
Server: +OK 17453 octets
Mailpuccino: RETR 35
Server: +OK 19733 octets
Mailpuccino: RETR 36
Server: +OK 24618 octets
Mailpuccino: RETR 37
Server: +OK 14213 octets
Mailpuccino: RETR 38
Server: +OK 5393 octets
Mailpuccino: RETR 39
Server: +OK 4754 octets
Mailpuccino: RETR 40
Server: +OK 4592 octets
Mailpuccino: RETR 41
Server: +OK 7462 octets
Mailpuccino: RETR 42
Server: +OK 8489 octets
Mailpuccino: RETR 43
Server: +OK 4675 octets
Mailpuccino: RETR 44
Server: +OK 7569 octets
Mailpuccino: RETR 45
Server: +OK 6814 octets
Mailpuccino: RETR 46
Server: +OK 8756 octets
Mailpuccino: RETR 47
Server: +OK 7250 octets
Mailpuccino: RETR 48
Server: +OK 9884 octets
Mailpuccino: RETR 49
Server: +OK 7773 octets
Mailpuccino: RETR 50
Server: +OK 9795 octets
Mailpuccino: RETR 51
Server: +OK 20344 octets
Mailpuccino: RETR 52
Server: +OK 5019 octets
Mailpuccino: RETR 53
Server: +OK 3669 octets
Mailpuccino: RETR 54
Server: +OK 3589 octets
Mailpuccino: RETR 55
Server: +OK 2500 octets
Mailpuccino: RETR 56
Server: +OK 4701 octets
Mailpuccino: RETR 57
Server: +OK 13799 octets
Mailpuccino: RETR 58
Server: +OK 11326 octets
Mailpuccino: RETR 59
Server: +OK 22469 octets
Mailpuccino: RETR 60
Server: +OK 6715 octets
Mailpuccino: RETR 61
Server: +OK 4916 octets
Mailpuccino: RETR 62
Server: +OK 5850 octets
Mailpuccino: RETR 63
Server: +OK 35746 octets
Mailpuccino: RETR 64
Server: +OK 3387 octets
Mailpuccino: RETR 65
Server: +OK 2056 octets
Mailpuccino: RETR 66
Server: +OK 7049 octets
Mailpuccino: RETR 67
Server: +OK 6702 octets
Mailpuccino: RETR 68
Server: +OK 22664 octets
Mailpuccino: RETR 69
Server: +OK 9185 octets
Mailpuccino: RETR 70
Server: +OK 3173 octets
Mailpuccino: RETR 71
Server: +OK 17927 octets
Mailpuccino: RETR 72
Server: +OK 6992 octets
Mailpuccino: RETR 73
Server: +OK 24272 octets
Mailpuccino: RETR 74
Server: +OK 3151 octets
Mailpuccino: RETR 75
Server: +OK 20113 octets
Mailpuccino: RETR 76
Server: +OK 16392 octets
Mailpuccino: RETR 77
Server: +OK 5903 octets
Mailpuccino: RETR 78
Server: +OK 8305 octets
Mailpuccino: RETR 79
Server: +OK 3004 octets
Mailpuccino: RETR 80
Server: +OK 15163 octets
Mailpuccino: RETR 81
Server: +OK 3665 octets
Mailpuccino: RETR 82
Server: +OK 5812 octets
Mailpuccino: RETR 83
Server: +OK 8632 octets
Mailpuccino: RETR 84
Server: +OK 2505 octets
Mailpuccino: RETR 85
Server: +OK 2064 octets
Mailpuccino: RETR 86
Server: +OK 2181 octets
Mailpuccino: RETR 87
Server: +OK 4994 octets
Mailpuccino: RETR 88
Server: +OK 859 octets
Mailpuccino: RETR 89
Server: +OK 3155 octets
Mailpuccino: RETR 90
Server: +OK 5469 octets
Mailpuccino: RETR 91
Server: +OK 6279 octets
Mailpuccino: RETR 92
Server: +OK 22224 octets
Mailpuccino: RETR 93
Server: +OK 2740 octets
Mailpuccino: RETR 94
Server: +OK 2386 octets
Mailpuccino: RETR 95
Server: +OK 6375 octets
Mailpuccino: RETR 96
Server: +OK 2537 octets
Mailpuccino: RETR 97
Server: +OK 2434 octets
Mailpuccino: RETR 98
Server: +OK 58137 octets
Mailpuccino: RETR 99
Server: +OK 7099 octets
Mailpuccino: RETR 100
Server: +OK 5264 octets
Mailpuccino: RETR 101
Server: +OK 4420 octets
Mailpuccino: RETR 102
Server: +OK 10570 octets
Mailpuccino: RETR 103
Server: +OK 1763 octets
Mailpuccino: RETR 104
Server: +OK 2679 octets
Mailpuccino: RETR 105
Server: +OK 2632 octets
Mailpuccino: RETR 106
Server: +OK 3783 octets
Mailpuccino: RETR 107
Server: +OK 3084 octets
Mailpuccino: RETR 108
Server: +OK 3074 octets
Mailpuccino: RETR 109
Server: +OK 21228 octets
Mailpuccino: RETR 110
Server: +OK 6589 octets
Mailpuccino: RETR 111
Server: +OK 91034 octets
Mailpuccino: RETR 112
Server: +OK 3362 octets
Mailpuccino: RETR 113
Server: +OK 5591 octets
Mailpuccino: RETR 114
Server: +OK 41936 octets
Mailpuccino: RETR 115
Server: +OK 21359 octets
Mailpuccino: RETR 116
Server: +OK 6156 octets
Mailpuccino: RETR 117
Server: +OK 18363 octets
Mailpuccino: RETR 118
Server: +OK 18355 octets
Mailpuccino: RETR 119
Server: +OK 2261 octets
Mailpuccino: RETR 120
Server: +OK 8855 octets
Mailpuccino: RETR 121
Server: +OK 10011 octets
Mailpuccino: RETR 122
Server: +OK 24491 octets
Mailpuccino: RETR 123
Server: +OK 48235 octets
Mailpuccino: RETR 124
Server: +OK 9889 octets
Mailpuccino: RETR 125
Server: +OK 9233 octets
Mailpuccino: RETR 126
Server: +OK 1979 octets
Mailpuccino: RETR 127
Server: +OK 22765 octets
Mailpuccino: RETR 128
Server: +OK 2010 octets
Mailpuccino: RETR 129
Server: +OK 3182 octets
Mailpuccino: RETR 130
Server: +OK 6390 octets
Mailpuccino: RETR 131
Server: +OK 2931 octets
Mailpuccino: RETR 132
Server: +OK 2958 octets
Mailpuccino: RETR 133
Server: +OK 38156 octets
Mailpuccino: RETR 134
Server: +OK 38156 octets
Mailpuccino: RETR 135
Server: +OK 7191 octets
Mailpuccino: RETR 136
Server: +OK 6121 octets
Mailpuccino: RETR 137
Server: +OK 19425 octets
Mailpuccino: RETR 138
Server: +OK 7608 octets
Mailpuccino: RETR 139
Server: +OK 13112 octets
Mailpuccino: RETR 140
Server: +OK 7586 octets
Mailpuccino: RETR 141
Server: +OK 1986 octets
Mailpuccino: RETR 142
Server: +OK 10600 octets
Mailpuccino: RETR 143
Server: +OK 1976 octets
Mailpuccino: RETR 144
Server: +OK 1982 octets
Mailpuccino: RETR 145
Server: +OK 11162 octets
Mailpuccino: RETR 146
Server: +OK 3091 octets
Mailpuccino: RETR 147
Server: +OK 3248 octets
Mailpuccino: RETR 148
Server: +OK 10775 octets
Mailpuccino: RETR 149
Server: +OK 4435 octets
Mailpuccino: RETR 150
Server: +OK 17294 octets
Mailpuccino: RETR 151
Server: +OK 2146 octets
Mailpuccino: RETR 152
Server: +OK 19978 octets
Mailpuccino: RETR 153
Server: +OK 19670 octets
Mailpuccino: RETR 154
Server: +OK 20100 octets
mailpuccino.DirectoryException: getContext() failed for LDAP server: directory.verisign.com
java.lang.InterruptedException\n\tat java.lang.Object.wait(Native Method)\n\tat java.lang.Object.wait(Object.java:485)\n\tat java.awt.EventQueue.invokeAndWait(EventQueue.java:992)\n\tat javax.swing.SwingUtilities.invokeAndWait(SwingUtilities.java:1323)\n\tat mailpuccino.Mailpuccino.runInAWTThread(Mailpuccino.java:207)\n\tat mailpuccino.RegularEmailComposer$EditingInterface$RecipientListView$AddressingDialog$SearchThread.run(RegularEmailComposer.java:595)\n
Mailpuccino: RETR 155
Server: +OK 10096 octets
Mailpuccino: RETR 156
Server: +OK 9188 octets
Mailpuccino: RETR 157
Server: +OK 5074 octets
Mailpuccino: RETR 158
Server: +OK 9246 octets
Mailpuccino: RETR 159
Server: +OK 2918 octets
Mailpuccino: RETR 160
Server: +OK 12304 octets
Mailpuccino: RETR 161
Server: +OK 5233 octets
Mailpuccino: RETR 162
Server: +OK 6365 octets
Mailpuccino: RETR 163
Server: +OK 2307 octets
Mailpuccino: RETR 164
Server: +OK 6167 octets
Mailpuccino: RETR 165
Server: +OK 4706 octets
Mailpuccino: RETR 166
Server: +OK 2350 octets
Mailpuccino: RETR 167
Server: +OK 2718 octets
Mailpuccino: RETR 168
Server: +OK 7063 octets
Mailpuccino: RETR 169
Server: +OK 4311 octets
Mailpuccino: RETR 170
Server: +OK 4348 octets
Mailpuccino: QUIT
Server: +OK
java.version=1.6.0_10
java.vendor=Sun Microsystems Inc.
java.class.path=/home/lpxz/eclipse/workspace/pecan/pecan-monitor/bin:/home/lpxz/eclipse/workspace/pecan/pecan-transformer/tmp/runtime/Mail:/home/lpxz/eclipse/workspace/soot24/classes:/home/lpxz/eclipse/workspace/soot24/lib/jasminclasses-2.3.0.jar:/home/lpxz/eclipse/workspace/soot24/lib/jedd-runtime.jar:/home/lpxz/eclipse/workspace/soot24/lib/jedd-translator.jar:/home/lpxz/eclipse/workspace/soot24/lib/polyglot-1.3.3.jar:/home/lpxz/eclipse/workspace/soot24/lib/svnant.jar:/home/lpxz/eclipse/workspace/soot24/lib/svnClientAdapter.jar:/home/lpxz/eclipse/workspace/soot24/lib/TGGraphLayout.jar:/home/lpxz/eclipse/workspace/soot24/lib/xmlunit1.0.jar:/home/lpxz/eclipse/workspace/soot24/lib/log4j.jar:/home/lpxz/eclipse/workspace/soot24/lib/trove.jar:/home/lpxz/eclipse/workspace/soot24/lib/jboss-serialization.jar:/home/lpxz/eclipse/workspace/soot24/lib/jboss-common-4.0.2.jar:/home/lpxz/eclipse/workspace/soot24/lib/junit-4.4.jar:/home/lpxz/eclipse/workspace/soot24/javabdd_lib/javabdd_0.6.jar:/home/lpxz/eclipse/workspace/soot24/lib/ant-antlr.jar:/home/lpxz/eclipse/workspace/soot24/lib/ant-apache-bcel.jar:/home/lpxz/eclipse/workspace/soot24/lib/ant-testutil.jar:/home/lpxz/eclipse/workspace/soot24/lib/ant.jar:/home/lpxz/eclipse/workspace/soot24/lib/coffer.jar:/home/lpxz/eclipse/workspace/soot24/lib/java_cup.jar:/home/lpxz/eclipse/workspace/soot24/lib/JFlex.jar:/home/lpxz/eclipse/workspace/soot24/lib/junit-4.8.1.jar:/home/lpxz/eclipse/workspace/soot24/lib/pao.jar:/home/lpxz/eclipse/workspace/soot24/lib/polyglot.jar:/home/lpxz/eclipse/workspace/soot24/lib/pth.jar:/home/lpxz/eclipse/workspace/soot24/lib/xercesImpl.jar:/home/lpxz/eclipse/workspace/soot24/lib/xml-apis.jar:/home/lpxz/eclipse/workspace/soot24/lib/ant-contrib.jar:/home/lpxz/eclipse/workspace/soot24/javabdd_lib/sablejbdd_real.jar:/home/lpxz/eclipse/workspace/soot24/lib/pia.jar:/home/lpxz/eclipse/workspace/soot24/lib/poa.jar:/home/lpxz/eclipse/workspace/pecan/pecan-monitor/lib/xstream-1.3.1.jar:/home/lpxz/eclipse/workspace/pecan/pecan-monitor/lib/xpp3_min-1.1.3.4.O.jar:/home/lpxz/eclipse/workspace/pecan/pecan-monitor/lib/tools.jar:/home/lpxz/eclipse/workspace/mailpuccino/bin
os.name=Linux
os.arch=amd64
os.version=2.6.22-14-server
java.net.ConnectException: Connection refused\n\tat java.net.PlainSocketImpl.socketConnect(Native Method)\n\tat java.net.PlainSocketImpl.doConnect(PlainSocketImpl.java:333)\n\tat java.net.PlainSocketImpl.connectToAddress(PlainSocketImpl.java:195)\n\tat java.net.PlainSocketImpl.connect(PlainSocketImpl.java:182)\n\tat java.net.SocksSocketImpl.connect(SocksSocketImpl.java:366)\n\tat java.net.Socket.connect(Socket.java:519)\n\tat java.net.Socket.connect(Socket.java:469)\n\tat java.net.Socket.<init>(Socket.java:366)\n\tat java.net.Socket.<init>(Socket.java:180)\n\tat mailpuccino.POP3Folder.checkEmail(POP3Folder.java:54)\n\tat mailpuccino.POP3FolderPanel$CheckMailThread.run(POP3FolderPanel.java:198)\n
java.version=1.6.0_10
java.vendor=Sun Microsystems Inc.
java.class.path=/home/lpxz/eclipse/workspace/pecan/pecan-monitor/bin:/home/lpxz/eclipse/workspace/pecan/pecan-transformer/tmp/runtime/Mail:/home/lpxz/eclipse/workspace/soot24/classes:/home/lpxz/eclipse/workspace/soot24/lib/jasminclasses-2.3.0.jar:/home/lpxz/eclipse/workspace/soot24/lib/jedd-runtime.jar:/home/lpxz/eclipse/workspace/soot24/lib/jedd-translator.jar:/home/lpxz/eclipse/workspace/soot24/lib/polyglot-1.3.3.jar:/home/lpxz/eclipse/workspace/soot24/lib/svnant.jar:/home/lpxz/eclipse/workspace/soot24/lib/svnClientAdapter.jar:/home/lpxz/eclipse/workspace/soot24/lib/TGGraphLayout.jar:/home/lpxz/eclipse/workspace/soot24/lib/xmlunit1.0.jar:/home/lpxz/eclipse/workspace/soot24/lib/log4j.jar:/home/lpxz/eclipse/workspace/soot24/lib/trove.jar:/home/lpxz/eclipse/workspace/soot24/lib/jboss-serialization.jar:/home/lpxz/eclipse/workspace/soot24/lib/jboss-common-4.0.2.jar:/home/lpxz/eclipse/workspace/soot24/lib/junit-4.4.jar:/home/lpxz/eclipse/workspace/soot24/javabdd_lib/javabdd_0.6.jar:/home/lpxz/eclipse/workspace/soot24/lib/ant-antlr.jar:/home/lpxz/eclipse/workspace/soot24/lib/ant-apache-bcel.jar:/home/lpxz/eclipse/workspace/soot24/lib/ant-testutil.jar:/home/lpxz/eclipse/workspace/soot24/lib/ant.jar:/home/lpxz/eclipse/workspace/soot24/lib/coffer.jar:/home/lpxz/eclipse/workspace/soot24/lib/java_cup.jar:/home/lpxz/eclipse/workspace/soot24/lib/JFlex.jar:/home/lpxz/eclipse/workspace/soot24/lib/junit-4.8.1.jar:/home/lpxz/eclipse/workspace/soot24/lib/pao.jar:/home/lpxz/eclipse/workspace/soot24/lib/polyglot.jar:/home/lpxz/eclipse/workspace/soot24/lib/pth.jar:/home/lpxz/eclipse/workspace/soot24/lib/xercesImpl.jar:/home/lpxz/eclipse/workspace/soot24/lib/xml-apis.jar:/home/lpxz/eclipse/workspace/soot24/lib/ant-contrib.jar:/home/lpxz/eclipse/workspace/soot24/javabdd_lib/sablejbdd_real.jar:/home/lpxz/eclipse/workspace/soot24/lib/pia.jar:/home/lpxz/eclipse/workspace/soot24/lib/poa.jar:/home/lpxz/eclipse/workspace/pecan/pecan-monitor/lib/xstream-1.3.1.jar:/home/lpxz/eclipse/workspace/pecan/pecan-monitor/lib/xpp3_min-1.1.3.4.O.jar:/home/lpxz/eclipse/workspace/pecan/pecan-monitor/lib/tools.jar:/home/lpxz/eclipse/workspace/mailpuccino/bin
os.name=Linux
os.arch=amd64
os.version=2.6.22-14-server
java.version=1.6.0_10
java.vendor=Sun Microsystems Inc.
java.class.path=/home/lpxz/eclipse/workspace/pecan/pecan-monitor/bin:/home/lpxz/eclipse/workspace/pecan/pecan-transformer/tmp/runtime/Mail:/home/lpxz/eclipse/workspace/soot24/classes:/home/lpxz/eclipse/workspace/soot24/lib/jasminclasses-2.3.0.jar:/home/lpxz/eclipse/workspace/soot24/lib/jedd-runtime.jar:/home/lpxz/eclipse/workspace/soot24/lib/jedd-translator.jar:/home/lpxz/eclipse/workspace/soot24/lib/polyglot-1.3.3.jar:/home/lpxz/eclipse/workspace/soot24/lib/svnant.jar:/home/lpxz/eclipse/workspace/soot24/lib/svnClientAdapter.jar:/home/lpxz/eclipse/workspace/soot24/lib/TGGraphLayout.jar:/home/lpxz/eclipse/workspace/soot24/lib/xmlunit1.0.jar:/home/lpxz/eclipse/workspace/soot24/lib/log4j.jar:/home/lpxz/eclipse/workspace/soot24/lib/trove.jar:/home/lpxz/eclipse/workspace/soot24/lib/jboss-serialization.jar:/home/lpxz/eclipse/workspace/soot24/lib/jboss-common-4.0.2.jar:/home/lpxz/eclipse/workspace/soot24/lib/junit-4.4.jar:/home/lpxz/eclipse/workspace/soot24/javabdd_lib/javabdd_0.6.jar:/home/lpxz/eclipse/workspace/soot24/lib/ant-antlr.jar:/home/lpxz/eclipse/workspace/soot24/lib/ant-apache-bcel.jar:/home/lpxz/eclipse/workspace/soot24/lib/ant-testutil.jar:/home/lpxz/eclipse/workspace/soot24/lib/ant.jar:/home/lpxz/eclipse/workspace/soot24/lib/coffer.jar:/home/lpxz/eclipse/workspace/soot24/lib/java_cup.jar:/home/lpxz/eclipse/workspace/soot24/lib/JFlex.jar:/home/lpxz/eclipse/workspace/soot24/lib/junit-4.8.1.jar:/home/lpxz/eclipse/workspace/soot24/lib/pao.jar:/home/lpxz/eclipse/workspace/soot24/lib/polyglot.jar:/home/lpxz/eclipse/workspace/soot24/lib/pth.jar:/home/lpxz/eclipse/workspace/soot24/lib/xercesImpl.jar:/home/lpxz/eclipse/workspace/soot24/lib/xml-apis.jar:/home/lpxz/eclipse/workspace/soot24/lib/ant-contrib.jar:/home/lpxz/eclipse/workspace/soot24/javabdd_lib/sablejbdd_real.jar:/home/lpxz/eclipse/workspace/soot24/lib/pia.jar:/home/lpxz/eclipse/workspace/soot24/lib/poa.jar:/home/lpxz/eclipse/workspace/pecan/pecan-monitor/lib/xstream-1.3.1.jar:/home/lpxz/eclipse/workspace/pecan/pecan-monitor/lib/xpp3_min-1.1.3.4.O.jar:/home/lpxz/eclipse/workspace/pecan/pecan-monitor/lib/tools.jar:/home/lpxz/eclipse/workspace/mailpuccino/bin
os.name=Linux
os.arch=amd64
os.version=2.6.22-14-server
java.net.ConnectException: Connection refused\n\tat java.net.PlainSocketImpl.socketConnect(Native Method)\n\tat java.net.PlainSocketImpl.doConnect(PlainSocketImpl.java:333)\n\tat java.net.PlainSocketImpl.connectToAddress(PlainSocketImpl.java:195)\n\tat java.net.PlainSocketImpl.connect(PlainSocketImpl.java:182)\n\tat java.net.SocksSocketImpl.connect(SocksSocketImpl.java:366)\n\tat java.net.Socket.connect(Socket.java:519)\n\tat java.net.Socket.connect(Socket.java:469)\n\tat java.net.Socket.<init>(Socket.java:366)\n\tat java.net.Socket.<init>(Socket.java:180)\n\tat mailpuccino.POP3Folder.checkEmail(POP3Folder.java:54)\n\tat mailpuccino.POP3FolderPanel$CheckMailThread.run(POP3FolderPanel.java:198)\n
