2012-10-25 22:09:15,204 [main] DEBUG Log4j.java:53 - Log4j configured
2012-10-25 22:09:15,206 [main] DEBUG SpiderConfig.java:111 - SpiderConfig(props)
2012-10-25 22:09:15,206 [main] DEBUG SpiderConfig.java:139 - Constructing relative file name c:/weblech/sites/mailto.txt
2012-10-25 22:09:15,206 [main] DEBUG SpiderConfig.java:431 - parseSet(htm,html,shtm,shtml)
2012-10-25 22:09:15,207 [main] DEBUG SpiderConfig.java:431 - parseSet(gif,jpg,jpeg,png,bmp)
2012-10-25 22:09:15,207 [main] DEBUG TextSpider.java:94 - depthFirst:	false
maxDepth:	2
htmlExtensions:	shtml,html,shtm,htm
imageExtensions:	bmp,jpg,jpeg,png,gif
refreshHTMLs:	true
refreshImages:	false
refreshOthers:	false
saveRootDirectory:	c:/weblech/sites
startLocation:	http://www.cse.ust.hk/~luwang/
urlMatch:	cse.ust.hk
userAgent:	Mozilla/4.0 (compatible; MSIE 5.5; Windows NT 5.0)
basicAuthUser:	myUser
basicAuthPassword:	***
spiderThreads:	1
checkpointInterval:	30000
2012-10-25 22:09:15,223 [main] INFO  TextSpider.java:103 - Starting Spider...
2012-10-25 22:09:15,224 [main] INFO  Spider.java:89 - Starting Spider thread
2012-10-25 22:09:15,225 [Spider-Thread-1] DEBUG URLGetter.java:53 - URLGetter()
2012-10-25 22:09:15,226 [Spider-Thread-1] DEBUG DumbAuthenticator.java:50 - DumbAuthenticator(myUser, ***)
2012-10-25 22:09:15,227 [Spider-Thread-1] DEBUG Spider.java:128 - writeCheckpoint()
2012-10-25 22:09:15,240 [Spider-Thread-1] DEBUG Spider.java:248 - downloadURL(http://www.cse.ust.hk/~luwang/, referer null, depth 0)
2012-10-25 22:09:15,241 [Spider-Thread-1] INFO  Spider.java:256 - Q: [0 URLs] http://www.cse.ust.hk/~luwang/, referer null, depth 0
2012-10-25 22:09:15,242 [Spider-Thread-1] DEBUG URLGetter.java:61 - getURL(http://www.cse.ust.hk/~luwang/, referer null, depth 0)
2012-10-25 22:09:15,242 [Spider-Thread-1] DEBUG URLGetter.java:75 - Creating HTTP connection to http://www.cse.ust.hk/~luwang/
2012-10-25 22:09:15,248 [Spider-Thread-1] DEBUG URLGetter.java:85 - Setting User-Agent to Mozilla/4.0 (compatible; MSIE 5.5; Windows NT 5.0)
2012-10-25 22:09:15,248 [Spider-Thread-1] DEBUG URLGetter.java:91 - Opening URL
2012-10-25 22:09:15,259 [Spider-Thread-1] DEBUG URLGetter.java:96 - Remote server response: OK
2012-10-25 22:09:15,259 [Spider-Thread-1] INFO  URLGetter.java:99 - Server response: HTTP/1.1 200 OK
2012-10-25 22:09:15,260 [Spider-Thread-1] DEBUG URLGetter.java:109 - Received header Date: Thu, 25 Oct 2012 14:10:31 GMT
2012-10-25 22:09:15,260 [Spider-Thread-1] DEBUG URLGetter.java:109 - Received header Server: Apache
2012-10-25 22:09:15,260 [Spider-Thread-1] DEBUG URLGetter.java:109 - Received header Last-Modified: Sat, 29 Sep 2012 06:06:11 GMT
2012-10-25 22:09:15,260 [Spider-Thread-1] DEBUG URLGetter.java:109 - Received header ETag: "b0439486-15d2-50668fd3"
2012-10-25 22:09:15,260 [Spider-Thread-1] DEBUG URLGetter.java:109 - Received header Accept-Ranges: bytes
2012-10-25 22:09:15,260 [Spider-Thread-1] DEBUG URLGetter.java:109 - Received header Content-Length: 5586
2012-10-25 22:09:15,261 [Spider-Thread-1] DEBUG URLGetter.java:109 - Received header Content-Type: text/html
2012-10-25 22:09:15,261 [Spider-Thread-1] DEBUG URLGetter.java:109 - Received header Keep-Alive: timeout=5, max=100
2012-10-25 22:09:15,261 [Spider-Thread-1] DEBUG URLGetter.java:109 - Received header Connection: Keep-Alive
2012-10-25 22:09:15,261 [Spider-Thread-1] DEBUG URLGetter.java:112 - Getting buffered input stream from remote connection
2012-10-25 22:09:15,262 [Spider-Thread-1] INFO  URLGetter.java:128 - Downloaded 5586 bytes, 11172 bytes/sec
2012-10-25 22:09:15,262 [Spider-Thread-1] DEBUG HTMLParser.java:67 - parseAsHTML()
2012-10-25 22:09:15,262 [Spider-Thread-1] DEBUG HTMLParser.java:90 - extractAttributesFromTags(img, src, ...)
2012-10-25 22:09:15,263 [Spider-Thread-1] DEBUG HTMLParser.java:90 - extractAttributesFromTags(a, href, ...)
2012-10-25 22:09:15,273 [Spider-Thread-1] DEBUG HTMLParser.java:90 - extractAttributesFromTags(body, background, ...)
2012-10-25 22:09:15,273 [Spider-Thread-1] DEBUG HTMLParser.java:90 - extractAttributesFromTags(frame, src, ...)
2012-10-25 22:09:15,273 [Spider-Thread-1] DEBUG HTMLParser.java:90 - extractAttributesFromTags(IMG, SRC, ...)
2012-10-25 22:09:15,273 [Spider-Thread-1] DEBUG HTMLParser.java:90 - extractAttributesFromTags(A, HREF, ...)
2012-10-25 22:09:15,273 [Spider-Thread-1] DEBUG HTMLParser.java:90 - extractAttributesFromTags(BODY, BACKGROUND, ...)
2012-10-25 22:09:15,274 [Spider-Thread-1] DEBUG HTMLParser.java:90 - extractAttributesFromTags(FRAME, SRC, ...)
2012-10-25 22:09:15,274 [Spider-Thread-1] DEBUG HTMLParser.java:84 - Returning 10 urls extracted from page
2012-10-25 22:09:15,274 [Spider-Thread-1] DEBUG Spider.java:248 - downloadURL(http://www.cse.ust.hk/~luwang/main_files/pixel.gif, referer http://www.cse.ust.hk/~luwang/, depth 1)
2012-10-25 22:09:15,275 [Spider-Thread-1] DEBUG Spider.java:248 - downloadURL(http://www.cse.ust.hk/~luwang/resume.pdf, referer http://www.cse.ust.hk/~luwang/, depth 1)
2012-10-25 22:09:15,276 [Spider-Thread-1] INFO  Spider.java:256 - Q: [0 URLs] http://www.cse.ust.hk/~luwang/resume.pdf, referer http://www.cse.ust.hk/~luwang/, depth 1
2012-10-25 22:09:15,276 [Spider-Thread-1] DEBUG URLGetter.java:61 - getURL(http://www.cse.ust.hk/~luwang/resume.pdf, referer http://www.cse.ust.hk/~luwang/, depth 1)
2012-10-25 22:09:15,276 [Spider-Thread-1] DEBUG URLGetter.java:75 - Creating HTTP connection to http://www.cse.ust.hk/~luwang/resume.pdf
2012-10-25 22:09:15,276 [Spider-Thread-1] DEBUG URLGetter.java:79 - Setting Referer header to http://www.cse.ust.hk/~luwang/
2012-10-25 22:09:15,277 [Spider-Thread-1] DEBUG URLGetter.java:85 - Setting User-Agent to Mozilla/4.0 (compatible; MSIE 5.5; Windows NT 5.0)
2012-10-25 22:09:15,277 [Spider-Thread-1] DEBUG URLGetter.java:91 - Opening URL
2012-10-25 22:09:15,281 [Spider-Thread-1] DEBUG URLGetter.java:96 - Remote server response: OK
2012-10-25 22:09:15,281 [Spider-Thread-1] INFO  URLGetter.java:99 - Server response: HTTP/1.1 200 OK
2012-10-25 22:09:15,281 [Spider-Thread-1] DEBUG URLGetter.java:109 - Received header Date: Thu, 25 Oct 2012 14:10:31 GMT
2012-10-25 22:09:15,282 [Spider-Thread-1] DEBUG URLGetter.java:109 - Received header Server: Apache
2012-10-25 22:09:15,282 [Spider-Thread-1] DEBUG URLGetter.java:109 - Received header Last-Modified: Tue, 29 Mar 2011 18:29:15 GMT
2012-10-25 22:09:15,282 [Spider-Thread-1] DEBUG URLGetter.java:109 - Received header ETag: "b0448bdf-1c25e-4d9224fb"
2012-10-25 22:09:15,282 [Spider-Thread-1] DEBUG URLGetter.java:109 - Received header Accept-Ranges: bytes
2012-10-25 22:09:15,282 [Spider-Thread-1] DEBUG URLGetter.java:109 - Received header Content-Length: 115294
2012-10-25 22:09:15,282 [Spider-Thread-1] DEBUG URLGetter.java:109 - Received header Content-Type: application/pdf
2012-10-25 22:09:15,282 [Spider-Thread-1] DEBUG URLGetter.java:109 - Received header Keep-Alive: timeout=5, max=99
2012-10-25 22:09:15,283 [Spider-Thread-1] DEBUG URLGetter.java:109 - Received header Connection: Keep-Alive
2012-10-25 22:09:15,283 [Spider-Thread-1] DEBUG URLGetter.java:112 - Getting buffered input stream from remote connection
2012-10-25 22:09:15,296 [Spider-Thread-1] INFO  URLGetter.java:128 - Downloaded 115294 bytes, 230588 bytes/sec
2012-10-25 22:09:15,296 [Spider-Thread-1] WARN  Spider.java:291 - Unsupported content type received: application/pdf
2012-10-25 22:09:15,296 [Spider-Thread-1] INFO  Spider.java:292 - URL was http://www.cse.ust.hk/~luwang/resume.pdf, referer http://www.cse.ust.hk/~luwang/, depth 1
2012-10-25 22:09:15,296 [Spider-Thread-1] INFO  Spider.java:226 - Spider thread stopping
